2022-06-20 07:30:01,902 [ 1] INFO  Unity: LoadingManager start
2022-06-20 07:30:02,980 [ 1] INFO  Unity: DataManager > DataManager()
2022-06-20 07:30:08,562 [ 1] INFO  Unity: UserLoginRequest : user : user001 psw : 111
2022-06-20 07:30:08,563 [ 1] INFO  Unity: ConnectToServer() Start 
2022-06-20 07:30:08,565 [ 1] INFO  Unity: DoConnect
2022-06-20 07:30:08,566 [ 1] INFO  Unity: NetClient.DoConnect on 127.0.0.1:8000
2022-06-20 07:30:08,570 [ 1] INFO  Unity: Connect[0] to server 127.0.0.1:8000

2022-06-20 07:30:08,582 [ 1] INFO  Unity: LoadingMesager::OnGameServerConnect :0 reason:Success
2022-06-20 07:30:09,280 [ 1] INFO  Unity: OnLogin:Failed [User is not exited!]
2022-06-20 07:30:15,646 [ 1] INFO  Unity: UserRegisterRequest::user :user001 psw:111
2022-06-20 07:30:15,713 [ 1] INFO  Unity: OnUserRegister:Success [None]
2022-06-20 07:30:17,350 [ 1] INFO  Unity: UserLoginRequest : user : user001 psw : 111
2022-06-20 07:30:17,397 [ 1] INFO  Unity: OnLogin:Success [None]
2022-06-20 07:30:17,398 [ 1] INFO  Unity: LoadLevel: CharacterScene
2022-06-20 07:30:17,399 [ 1] WARN  Unity: PlaySound : bgm-select not existed.

2022-06-20 07:30:17,470 [ 1] INFO  Unity: LevelLoadCompleted:1
2022-06-20 07:30:19,998 [ 1] INFO  Unity: SendCharacterCreate : charName : A class : Warrior
2022-06-20 07:30:20,090 [ 1] INFO  Unity: OnUserCreateCharacter:Success [None]
2022-06-20 07:30:20,676 [ 1] INFO  Unity: Select Char:[1]A[Warrior]
2022-06-20 07:30:21,340 [ 1] INFO  Unity: UserGameEnterRequest::characterId :0
2022-06-20 07:30:21,370 [ 1] INFO  Unity: OnGameEnter : Success [None]
2022-06-20 07:30:21,372 [ 1] INFO  Unity: ItemManger : Init [Item Id : [1] Count : 20]
2022-06-20 07:30:21,372 [ 1] INFO  Unity: ItemManger : Init [Item Id : [2] Count : 20]
2022-06-20 07:30:21,372 [ 1] INFO  Unity: ItemManger : Init [Item Id : [1001] Count : 1]
2022-06-20 07:30:21,385 [ 1] INFO  Unity: OnMapCharacterEnter:Map:1 Count:1
2022-06-20 07:30:21,391 [ 1] INFO  Unity: AddCharacter:1:A Map:1 Entity:(2:pos:(5000,4000,820),dir:(100,0,0),spd:0
2022-06-20 07:30:21,394 [ 1] INFO  Unity: LoadLevel: MainCity
2022-06-20 07:30:22,305 [ 1] WARN  Unity: MainPlayerCamera[24772] Awake

2022-06-20 07:30:22,306 [ 1] WARN  Unity: UIWorldElementManager[24780] Awake

2022-06-20 07:30:22,306 [ 1] WARN  Unity: UIMain[24812] Awake

2022-06-20 07:30:22,308 [ 1] WARN  Unity: GameObjectManager[24858] Awake

2022-06-20 07:30:22,321 [ 1] INFO  Unity: LevelLoadCompleted:1
2022-06-20 07:30:22,324 [ 1] WARN  Unity: UIMiniMap Start 24734

2022-06-20 07:30:23,193 [ 1] INFO  Unity: Move Forward
2022-06-20 07:30:23,194 [ 1] INFO  Unity: MapEntityUpdateRequest : ID : 2 Pos : (5000,4000,820) DIR : (100,0,0) SPD : 300
2022-06-20 07:30:23,828 [ 1] INFO  Unity: Stop
2022-06-20 07:30:23,828 [ 1] INFO  Unity: MapEntityUpdateRequest : ID : 2 Pos : (5190,4000,820) DIR : (100,0,0) SPD : 0
2022-06-20 07:30:23,828 [ 1] INFO  Unity: SetDirection : (98, -18, 0)
2022-06-20 07:30:23,829 [ 1] INFO  Unity: MapEntityUpdateRequest : ID : 2 Pos : (5190,4000,820) DIR : (98,-18,0) SPD : 0
2022-06-20 07:30:23,926 [ 1] INFO  Unity: SetDirection : (94, -35, 0)
2022-06-20 07:30:23,926 [ 1] INFO  Unity: MapEntityUpdateRequest : ID : 2 Pos : (5190,4000,820) DIR : (94,-35,0) SPD : 0
2022-06-20 07:30:24,010 [ 1] INFO  Unity: SetDirection : (86, -51, 0)
2022-06-20 07:30:24,010 [ 1] INFO  Unity: MapEntityUpdateRequest : ID : 2 Pos : (5190,4000,820) DIR : (86,-51,0) SPD : 0
2022-06-20 07:30:24,026 [ 1] INFO  Unity: Move Forward
2022-06-20 07:30:24,027 [ 1] INFO  Unity: MapEntityUpdateRequest : ID : 2 Pos : (5190,4000,820) DIR : (86,-51,0) SPD : 300
2022-06-20 07:30:24,110 [ 1] INFO  Unity: SetDirection : (74, -68, 0)
2022-06-20 07:30:24,110 [ 1] INFO  Unity: MapEntityUpdateRequest : ID : 2 Pos : (5210,3985,820) DIR : (74,-68,0) SPD : 300
2022-06-20 07:30:24,211 [ 1] INFO  Unity: SetDirection : (61, -80, 0)
2022-06-20 07:30:24,211 [ 1] INFO  Unity: MapEntityUpdateRequest : ID : 2 Pos : (5234,3967,820) DIR : (61,-80,0) SPD : 300
2022-06-20 07:30:24,293 [ 1] INFO  Unity: Stop
2022-06-20 07:30:24,294 [ 1] INFO  Unity: MapEntityUpdateRequest : ID : 2 Pos : (5249,3947,820) DIR : (61,-80,0) SPD : 0
2022-06-20 07:30:24,676 [ 1] WARN  Unity: PlaySound : SoundDefine.SFX_UI_Win_Open not existed.

2022-06-20 07:30:27,050 [ 1] INFO  Unity: Move Forward
2022-06-20 07:30:27,050 [ 1] INFO  Unity: MapEntityUpdateRequest : ID : 2 Pos : (5249,3947,820) DIR : (61,-80,0) SPD : 300
2022-06-20 07:30:27,151 [ 1] INFO  Unity: SetDirection : (45, -89, 0)
2022-06-20 07:30:27,151 [ 1] INFO  Unity: MapEntityUpdateRequest : ID : 2 Pos : (5267,3923,820) DIR : (45,-89,0) SPD : 300
2022-06-20 07:30:27,335 [ 1] INFO  Unity: SetDirection : (27, -96, 0)
2022-06-20 07:30:27,335 [ 1] INFO  Unity: MapEntityUpdateRequest : ID : 2 Pos : (5289,3879,820) DIR : (27,-96,0) SPD : 300
2022-06-20 07:30:29,120 [ 1] INFO  Unity: SetDirection : (9, -100, 0)
2022-06-20 07:30:29,120 [ 1] INFO  Unity: MapEntityUpdateRequest : ID : 2 Pos : (5396,3344,820) DIR : (9,-100,0) SPD : 300
2022-06-20 07:30:29,239 [ 1] INFO  Unity: SetPosition : (5445, 3321, 820)
2022-06-20 07:30:29,239 [ 1] INFO  Unity: MapEntityUpdateRequest : ID : 2 Pos : (5445,3321,820) DIR : (9,-100,0) SPD : 300
2022-06-20 07:30:29,723 [ 1] INFO  Unity: SetDirection : (27, -96, 0)
2022-06-20 07:30:29,723 [ 1] INFO  Unity: MapEntityUpdateRequest : ID : 2 Pos : (5445,3176,820) DIR : (27,-96,0) SPD : 300
2022-06-20 07:30:30,523 [ 1] INFO  Unity: SetDirection : (45, -89, 0)
2022-06-20 07:30:30,523 [ 1] INFO  Unity: MapEntityUpdateRequest : ID : 2 Pos : (5493,2936,820) DIR : (45,-89,0) SPD : 300
2022-06-20 07:30:30,657 [ 1] INFO  Unity: SetDirection : (60, -80, 0)
2022-06-20 07:30:30,657 [ 1] INFO  Unity: MapEntityUpdateRequest : ID : 2 Pos : (5509,2904,820) DIR : (60,-80,0) SPD : 300
2022-06-20 07:30:31,141 [ 1] INFO  Unity: SetDirection : (74, -67, 0)
2022-06-20 07:30:31,141 [ 1] INFO  Unity: MapEntityUpdateRequest : ID : 2 Pos : (5596,2788,820) DIR : (74,-67,0) SPD : 300
2022-06-20 07:30:31,258 [ 1] INFO  Unity: SetDirection : (86, -51, 0)
2022-06-20 07:30:31,259 [ 1] INFO  Unity: MapEntityUpdateRequest : ID : 2 Pos : (5624,2767,820) DIR : (86,-51,0) SPD : 300
2022-06-20 07:30:31,359 [ 1] INFO  Unity: SetDirection : (95, -33, 0)
2022-06-20 07:30:31,359 [ 1] INFO  Unity: MapEntityUpdateRequest : ID : 2 Pos : (5648,2749,820) DIR : (95,-33,0) SPD : 300
2022-06-20 07:30:31,475 [ 1] INFO  Unity: SetDirection : (99, -14, 0)
2022-06-20 07:30:31,475 [ 1] INFO  Unity: MapEntityUpdateRequest : ID : 2 Pos : (5683,2735,820) DIR : (99,-14,0) SPD : 300
2022-06-20 07:30:33,462 [ 1] INFO  Unity: SetPosition : (6301, 2660, 827)
2022-06-20 07:30:33,462 [ 1] INFO  Unity: MapEntityUpdateRequest : ID : 2 Pos : (6301,2660,827) DIR : (99,-14,0) SPD : 300
2022-06-20 07:30:35,983 [ 1] INFO  Unity: Stop
2022-06-20 07:30:35,983 [ 1] INFO  Unity: MapEntityUpdateRequest : ID : 2 Pos : (7056,2509,827) DIR : (99,-14,0) SPD : 0
2022-06-20 07:30:36,417 [ 1] INFO  Unity: Move Forward
2022-06-20 07:30:36,418 [ 1] INFO  Unity: MapEntityUpdateRequest : ID : 2 Pos : (7056,2509,827) DIR : (99,-14,0) SPD : 300
2022-06-20 07:30:36,686 [ 1] INFO  Unity: SetPosition : (7129, 2543, 820)
2022-06-20 07:30:36,686 [ 1] INFO  Unity: MapEntityUpdateRequest : ID : 2 Pos : (7129,2543,820) DIR : (99,-14,0) SPD : 300
2022-06-20 07:30:36,804 [ 1] INFO  Unity: Teleporter is triggered!
2022-06-20 07:30:36,805 [ 1] INFO  Unity: TeleporterObject : Character [A] Enter Teleporter [1:MainCity->Map01In]
2022-06-20 07:30:36,805 [ 1] INFO  Unity: MapTeleportRequest : teleporterID : 1
2022-06-20 07:30:36,819 [ 1] INFO  Unity: OnMapCharacterLeave : CharID : 2
2022-06-20 07:30:36,820 [ 1] INFO  Unity: RemoveCharacter:2
2022-06-20 07:30:36,822 [ 1] INFO  Unity: Character_1_A OnDestroy :ID:2 POS:(7164, 2536, 820) DIR:(99, -14, 0) SPD:300 
2022-06-20 07:30:36,824 [ 1] INFO  Unity: OnMapCharacterEnter:Map:2 Count:2
2022-06-20 07:30:36,825 [ 1] INFO  Unity: AddCharacter:1:A Map:2 Entity:(2:pos:(3252,3968,12),dir:(100,0,-5),spd:300
2022-06-20 07:30:36,830 [ 1] INFO  Unity: AddCharacter:0:Grim Reaper Map:2 Entity:(1:pos:(5540,1682,4),dir:(20,98,0),spd:0
2022-06-20 07:30:36,832 [ 1] WARN  Unity: The referenced script on this Behaviour (Game Object 'Particle System') is missing!

2022-06-20 07:30:36,841 [ 1] INFO  Unity: LoadLevel: Map01
2022-06-20 07:30:37,373 [ 1] INFO  Unity: SetPosition : (3252, 3968, -9)
2022-06-20 07:30:37,373 [ 1] INFO  Unity: MapEntityUpdateRequest : ID : 2 Pos : (3252,3968,-9) DIR : (100,0,-5) SPD : 300
2022-06-20 07:30:37,403 [ 1] INFO  Unity: LevelLoadCompleted:1
2022-06-20 07:30:37,565 [ 1] INFO  Unity: SetPosition : (3254, 3967, 35)
2022-06-20 07:30:37,565 [ 1] INFO  Unity: MapEntityUpdateRequest : ID : 2 Pos : (3254,3967,35) DIR : (100,0,-5) SPD : 300
2022-06-20 07:30:37,709 [ 1] INFO  Unity: Move Forward
2022-06-20 07:30:37,709 [ 1] INFO  Unity: MapEntityUpdateRequest : ID : 2 Pos : (3299,3967,35) DIR : (100,0,-5) SPD : 300
2022-06-20 07:30:38,209 [ 1] INFO  Unity: SetDirection : (98, -19, -5)
2022-06-20 07:30:38,210 [ 1] INFO  Unity: MapEntityUpdateRequest : ID : 2 Pos : (3449,3967,35) DIR : (98,-19,-5) SPD : 300
2022-06-20 07:30:38,310 [ 1] INFO  Unity: SetDirection : (93, -36, -5)
2022-06-20 07:30:38,310 [ 1] INFO  Unity: MapEntityUpdateRequest : ID : 2 Pos : (3479,3961,35) DIR : (93,-36,-5) SPD : 300
2022-06-20 07:30:38,409 [ 1] INFO  Unity: SetDirection : (84, -53, -5)
2022-06-20 07:30:38,409 [ 1] INFO  Unity: MapEntityUpdateRequest : ID : 2 Pos : (3509,3949,35) DIR : (84,-53,-5) SPD : 300
2022-06-20 07:30:38,576 [ 1] INFO  Unity: SetDirection : (74, -68, -5)
2022-06-20 07:30:38,576 [ 1] INFO  Unity: MapEntityUpdateRequest : ID : 2 Pos : (3549,3919,35) DIR : (74,-68,-5) SPD : 300
2022-06-20 07:30:38,644 [ 1] INFO  Unity: SetPosition : (3517, 3912, 20)
2022-06-20 07:30:38,644 [ 1] INFO  Unity: MapEntityUpdateRequest : ID : 2 Pos : (3517,3912,20) DIR : (74,-68,-5) SPD : 300
2022-06-20 07:30:40,313 [ 1] INFO  Unity: SetPosition : (3876, 3582, 20)
2022-06-20 07:30:40,313 [ 1] INFO  Unity: MapEntityUpdateRequest : ID : 2 Pos : (3876,3582,20) DIR : (74,-68,-5) SPD : 300
2022-06-20 07:30:41,318 [ 1] INFO  Unity: BattleManager.SetTarget : [1 : Grim Reaper]
2022-06-20 07:30:41,985 [ 1] INFO  Unity: SetPosition : (4235, 3252, 20)
2022-06-20 07:30:41,985 [ 1] INFO  Unity: MapEntityUpdateRequest : ID : 2 Pos : (4235,3252,20) DIR : (74,-68,-5) SPD : 300
2022-06-20 07:30:43,653 [ 1] INFO  Unity: SetPosition : (4594, 2923, 23)
2022-06-20 07:30:43,653 [ 1] INFO  Unity: MapEntityUpdateRequest : ID : 2 Pos : (4594,2923,23) DIR : (74,-68,-5) SPD : 300
2022-06-20 07:30:45,240 [ 1] INFO  Unity: SetPosition : (4931, 2615, 38)
2022-06-20 07:30:45,241 [ 1] INFO  Unity: MapEntityUpdateRequest : ID : 2 Pos : (4931,2615,38) DIR : (74,-68,-5) SPD : 300
2022-06-20 07:30:47,027 [ 1] INFO  Unity: SetPosition : (5316, 2275, 57)
2022-06-20 07:30:47,027 [ 1] INFO  Unity: MapEntityUpdateRequest : ID : 2 Pos : (5316,2275,57) DIR : (74,-68,-5) SPD : 300
2022-06-20 07:30:47,127 [ 1] INFO  Unity: SetDirection : (61, -79, -5)
2022-06-20 07:30:47,127 [ 1] INFO  Unity: MapEntityUpdateRequest : ID : 2 Pos : (5340,2257,57) DIR : (61,-79,-5) SPD : 300
2022-06-20 07:30:47,626 [ 1] INFO  Unity: SetDirection : (46, -89, -5)
2022-06-20 07:30:47,627 [ 1] INFO  Unity: MapEntityUpdateRequest : ID : 2 Pos : (5430,2137,57) DIR : (46,-89,-5) SPD : 300
2022-06-20 07:30:48,445 [ 1] INFO  Unity: SetDirection : (29, -96, -4)
2022-06-20 07:30:48,445 [ 1] INFO  Unity: MapEntityUpdateRequest : ID : 2 Pos : (5528,1941,57) DIR : (29,-96,-4) SPD : 300
2022-06-20 07:30:48,629 [ 1] INFO  Unity: SetDirection : (11, -99, -4)
2022-06-20 07:30:48,630 [ 1] INFO  Unity: MapEntityUpdateRequest : ID : 2 Pos : (5539,1886,57) DIR : (11,-99,-4) SPD : 300
2022-06-20 07:30:48,880 [ 1] INFO  Unity: SetDirection : (-7, -100, -4)
2022-06-20 07:30:48,880 [ 1] INFO  Unity: MapEntityUpdateRequest : ID : 2 Pos : (5554,1811,57) DIR : (-7,-100,-4) SPD : 300
2022-06-20 07:30:48,996 [ 1] INFO  Unity: SetDirection : (-26, -97, -4)
2022-06-20 07:30:48,997 [ 1] INFO  Unity: MapEntityUpdateRequest : ID : 2 Pos : (5554,1776,57) DIR : (-26,-97,-4) SPD : 300
2022-06-20 07:30:49,021 [ 1] INFO  Unity: SendSkillCast :: skill : 103 caster : 2 target : 1  pos : SkillBridge.Message.NVector3
2022-06-20 07:30:49,166 [ 1] INFO  Unity: OnSkillCast :: skill : 103, caster : 2, target : 1, pos : (0,0,0), result : Success
2022-06-20 07:30:49,167 [ 1] INFO  Unity: OnSkillHit : count : 1
2022-06-20 07:30:49,167 [ 1] INFO  Unity: DoSkillHit : Caster : 2 Skill : 103 Hit : 0 IsBullet : False
2022-06-20 07:30:49,168 [ 1] INFO  Unity: DoDamage : Grim Reaper DMG : 1 CRIT : False
2022-06-20 07:30:49,180 [ 1] FATAL Unity: <log4net.Error>Exception during StringFormat: Input string was not in a correct format. <format>{0
{1}</format><args>{NullReferenceException: Object reference not set to an instance of an object, EntityController.PlayAnim (System.String name) (at <8b79beeb17c24128925dfced1379b1fe>:0)
Entities.Creature.PlayAnim (System.String name) (at <8b79beeb17c24128925dfced1379b1fe>:0)
Entities.Creature.DoDamage (SkillBridge.Message.NDamageInfo damage, System.Boolean playHurt) (at <8b79beeb17c24128925dfced1379b1fe>:0)
Battle.Skill.DoHitDamages (System.Collections.Generic.List`1[T] damages) (at <8b79beeb17c24128925dfced1379b1fe>:0)
Battle.Skill.DoHit (System.Int32 hitId, System.Collections.Generic.List`1[T] damages) (at <8b79beeb17c24128925dfced1379b1fe>:0)
Battle.Skill.DoHit (SkillBridge.Message.NSkillHitInfo hit) (at <8b79beeb17c24128925dfced1379b1fe>:0)
Entities.Creature.DoSkillHit (SkillBridge.Message.NSkillHitInfo hit) (at <8b79beeb17c24128925dfced1379b1fe>:0)
Services.BattleService.OnSkillHit (System.Object sender, SkillBridge.Message.SkillHitResponse message) (at <8b79beeb17c24128925dfced1379b1fe>:0)
Network.MessageDistributer`1[T].RaiseEvent[Tm] (T sender, Tm msg) (at <e1507db7e2374435a673639beda3642e>:0)
Network.MessageDispatch`1[T].Dispatch (T sender, SkillBridge.Message.NetMessageResponse message) (at <e1507db7e2374435a673639beda3642e>:0)
Network.MessageDistributer`1[T].Distribute () (at <e1507db7e2374435a673639beda3642e>:0)
Network.NetClient.ProceeMessage () (at <8b79beeb17c24128925dfced1379b1fe>:0)
Network.NetClient.Update () (at <8b79beeb17c24128925dfced1379b1fe>:0)
}</args></log4net.Error>
2022-06-20 07:30:49,265 [ 1] INFO  Unity: OnSkillHit : count : 1
2022-06-20 07:30:49,265 [ 1] INFO  Unity: DoSkillHit : Caster : 2 Skill : 103 Hit : 1 IsBullet : False
2022-06-20 07:30:49,265 [ 1] INFO  Unity: DoDamage : Grim Reaper DMG : 19 CRIT : False
2022-06-20 07:30:49,268 [ 1] FATAL Unity: <log4net.Error>Exception during StringFormat: Input string was not in a correct format. <format>{0
{1}</format><args>{NullReferenceException: Object reference not set to an instance of an object, EntityController.PlayAnim (System.String name) (at <8b79beeb17c24128925dfced1379b1fe>:0)
Entities.Creature.PlayAnim (System.String name) (at <8b79beeb17c24128925dfced1379b1fe>:0)
Entities.Creature.DoDamage (SkillBridge.Message.NDamageInfo damage, System.Boolean playHurt) (at <8b79beeb17c24128925dfced1379b1fe>:0)
Battle.Skill.DoHitDamages (System.Collections.Generic.List`1[T] damages) (at <8b79beeb17c24128925dfced1379b1fe>:0)
Battle.Skill.DoHit (System.Int32 hitId, System.Collections.Generic.List`1[T] damages) (at <8b79beeb17c24128925dfced1379b1fe>:0)
Battle.Skill.DoHit (SkillBridge.Message.NSkillHitInfo hit) (at <8b79beeb17c24128925dfced1379b1fe>:0)
Entities.Creature.DoSkillHit (SkillBridge.Message.NSkillHitInfo hit) (at <8b79beeb17c24128925dfced1379b1fe>:0)
Services.BattleService.OnSkillHit (System.Object sender, SkillBridge.Message.SkillHitResponse message) (at <8b79beeb17c24128925dfced1379b1fe>:0)
Network.MessageDistributer`1[T].RaiseEvent[Tm] (T sender, Tm msg) (at <e1507db7e2374435a673639beda3642e>:0)
Network.MessageDispatch`1[T].Dispatch (T sender, SkillBridge.Message.NetMessageResponse message) (at <e1507db7e2374435a673639beda3642e>:0)
Network.MessageDistributer`1[T].Distribute () (at <e1507db7e2374435a673639beda3642e>:0)
Network.NetClient.ProceeMessage () (at <8b79beeb17c24128925dfced1379b1fe>:0)
Network.NetClient.Update () (at <8b79beeb17c24128925dfced1379b1fe>:0)
}</args></log4net.Error>
2022-06-20 07:30:49,280 [ 1] INFO  Unity: Stop
2022-06-20 07:30:49,280 [ 1] INFO  Unity: MapEntityUpdateRequest : ID : 2 Pos : (5537,1691,57) DIR : (-26,-97,-4) SPD : 0
2022-06-20 07:30:49,376 [ 1] INFO  Unity: OnSkillHit : count : 1
2022-06-20 07:30:49,377 [ 1] INFO  Unity: DoSkillHit : Caster : 2 Skill : 103 Hit : 2 IsBullet : False
2022-06-20 07:30:49,377 [ 1] INFO  Unity: DoDamage : Grim Reaper DMG : 8 CRIT : False
2022-06-20 07:30:49,378 [ 1] FATAL Unity: <log4net.Error>Exception during StringFormat: Input string was not in a correct format. <format>{0
{1}</format><args>{NullReferenceException: Object reference not set to an instance of an object, EntityController.PlayAnim (System.String name) (at <8b79beeb17c24128925dfced1379b1fe>:0)
Entities.Creature.PlayAnim (System.String name) (at <8b79beeb17c24128925dfced1379b1fe>:0)
Entities.Creature.DoDamage (SkillBridge.Message.NDamageInfo damage, System.Boolean playHurt) (at <8b79beeb17c24128925dfced1379b1fe>:0)
Battle.Skill.DoHitDamages (System.Collections.Generic.List`1[T] damages) (at <8b79beeb17c24128925dfced1379b1fe>:0)
Battle.Skill.DoHit (System.Int32 hitId, System.Collections.Generic.List`1[T] damages) (at <8b79beeb17c24128925dfced1379b1fe>:0)
Battle.Skill.DoHit (SkillBridge.Message.NSkillHitInfo hit) (at <8b79beeb17c24128925dfced1379b1fe>:0)
Entities.Creature.DoSkillHit (SkillBridge.Message.NSkillHitInfo hit) (at <8b79beeb17c24128925dfced1379b1fe>:0)
Services.BattleService.OnSkillHit (System.Object sender, SkillBridge.Message.SkillHitResponse message) (at <8b79beeb17c24128925dfced1379b1fe>:0)
Network.MessageDistributer`1[T].RaiseEvent[Tm] (T sender, Tm msg) (at <e1507db7e2374435a673639beda3642e>:0)
Network.MessageDispatch`1[T].Dispatch (T sender, SkillBridge.Message.NetMessageResponse message) (at <e1507db7e2374435a673639beda3642e>:0)
Network.MessageDistributer`1[T].Distribute () (at <e1507db7e2374435a673639beda3642e>:0)
Network.NetClient.ProceeMessage () (at <8b79beeb17c24128925dfced1379b1fe>:0)
Network.NetClient.Update () (at <8b79beeb17c24128925dfced1379b1fe>:0)
}</args></log4net.Error>
2022-06-20 07:30:49,484 [ 1] INFO  Unity: OnSkillHit : count : 1
2022-06-20 07:30:49,484 [ 1] INFO  Unity: DoSkillHit : Caster : 2 Skill : 103 Hit : 3 IsBullet : False
2022-06-20 07:30:49,485 [ 1] INFO  Unity: DoDamage : Grim Reaper DMG : 1 CRIT : False
2022-06-20 07:30:49,486 [ 1] FATAL Unity: <log4net.Error>Exception during StringFormat: Input string was not in a correct format. <format>{0
{1}</format><args>{NullReferenceException: Object reference not set to an instance of an object, EntityController.PlayAnim (System.String name) (at <8b79beeb17c24128925dfced1379b1fe>:0)
Entities.Creature.PlayAnim (System.String name) (at <8b79beeb17c24128925dfced1379b1fe>:0)
Entities.Creature.DoDamage (SkillBridge.Message.NDamageInfo damage, System.Boolean playHurt) (at <8b79beeb17c24128925dfced1379b1fe>:0)
Battle.Skill.DoHitDamages (System.Collections.Generic.List`1[T] damages) (at <8b79beeb17c24128925dfced1379b1fe>:0)
Battle.Skill.DoHit (System.Int32 hitId, System.Collections.Generic.List`1[T] damages) (at <8b79beeb17c24128925dfced1379b1fe>:0)
Battle.Skill.DoHit (SkillBridge.Message.NSkillHitInfo hit) (at <8b79beeb17c24128925dfced1379b1fe>:0)
Entities.Creature.DoSkillHit (SkillBridge.Message.NSkillHitInfo hit) (at <8b79beeb17c24128925dfced1379b1fe>:0)
Services.BattleService.OnSkillHit (System.Object sender, SkillBridge.Message.SkillHitResponse message) (at <8b79beeb17c24128925dfced1379b1fe>:0)
Network.MessageDistributer`1[T].RaiseEvent[Tm] (T sender, Tm msg) (at <e1507db7e2374435a673639beda3642e>:0)
Network.MessageDispatch`1[T].Dispatch (T sender, SkillBridge.Message.NetMessageResponse message) (at <e1507db7e2374435a673639beda3642e>:0)
Network.MessageDistributer`1[T].Distribute () (at <e1507db7e2374435a673639beda3642e>:0)
Network.NetClient.ProceeMessage () (at <8b79beeb17c24128925dfced1379b1fe>:0)
Network.NetClient.Update () (at <8b79beeb17c24128925dfced1379b1fe>:0)
}</args></log4net.Error>
2022-06-20 07:30:49,593 [ 1] INFO  Unity: OnSkillHit : count : 1
2022-06-20 07:30:49,593 [ 1] INFO  Unity: DoSkillHit : Caster : 2 Skill : 103 Hit : 4 IsBullet : False
2022-06-20 07:30:49,593 [ 1] INFO  Unity: DoDamage : Grim Reaper DMG : 1 CRIT : False
2022-06-20 07:30:49,594 [ 1] FATAL Unity: <log4net.Error>Exception during StringFormat: Input string was not in a correct format. <format>{0
{1}</format><args>{NullReferenceException: Object reference not set to an instance of an object, EntityController.PlayAnim (System.String name) (at <8b79beeb17c24128925dfced1379b1fe>:0)
Entities.Creature.PlayAnim (System.String name) (at <8b79beeb17c24128925dfced1379b1fe>:0)
Entities.Creature.DoDamage (SkillBridge.Message.NDamageInfo damage, System.Boolean playHurt) (at <8b79beeb17c24128925dfced1379b1fe>:0)
Battle.Skill.DoHitDamages (System.Collections.Generic.List`1[T] damages) (at <8b79beeb17c24128925dfced1379b1fe>:0)
Battle.Skill.DoHit (System.Int32 hitId, System.Collections.Generic.List`1[T] damages) (at <8b79beeb17c24128925dfced1379b1fe>:0)
Battle.Skill.DoHit (SkillBridge.Message.NSkillHitInfo hit) (at <8b79beeb17c24128925dfced1379b1fe>:0)
Entities.Creature.DoSkillHit (SkillBridge.Message.NSkillHitInfo hit) (at <8b79beeb17c24128925dfced1379b1fe>:0)
Services.BattleService.OnSkillHit (System.Object sender, SkillBridge.Message.SkillHitResponse message) (at <8b79beeb17c24128925dfced1379b1fe>:0)
Network.MessageDistributer`1[T].RaiseEvent[Tm] (T sender, Tm msg) (at <e1507db7e2374435a673639beda3642e>:0)
Network.MessageDispatch`1[T].Dispatch (T sender, SkillBridge.Message.NetMessageResponse message) (at <e1507db7e2374435a673639beda3642e>:0)
Network.MessageDistributer`1[T].Distribute () (at <e1507db7e2374435a673639beda3642e>:0)
Network.NetClient.ProceeMessage () (at <8b79beeb17c24128925dfced1379b1fe>:0)
Network.NetClient.Update () (at <8b79beeb17c24128925dfced1379b1fe>:0)
}</args></log4net.Error>
2022-06-20 07:30:49,656 [ 1] INFO  Unity: AnimationEventController : PlayEffect : Warrior : EFX_Warrior_SkillB_prefab
2022-06-20 07:30:49,656 [ 1] INFO  Unity: PlayEffect :  : EFX_Warrior_SkillB_prefab
2022-06-20 07:30:49,700 [ 1] INFO  Unity: OnSkillHit : count : 1
2022-06-20 07:30:49,700 [ 1] INFO  Unity: DoSkillHit : Caster : 2 Skill : 103 Hit : 5 IsBullet : False
2022-06-20 07:30:49,700 [ 1] INFO  Unity: DoDamage : Grim Reaper DMG : 1 CRIT : False
2022-06-20 07:30:49,701 [ 1] FATAL Unity: <log4net.Error>Exception during StringFormat: Input string was not in a correct format. <format>{0
{1}</format><args>{NullReferenceException: Object reference not set to an instance of an object, EntityController.PlayAnim (System.String name) (at <8b79beeb17c24128925dfced1379b1fe>:0)
Entities.Creature.PlayAnim (System.String name) (at <8b79beeb17c24128925dfced1379b1fe>:0)
Entities.Creature.DoDamage (SkillBridge.Message.NDamageInfo damage, System.Boolean playHurt) (at <8b79beeb17c24128925dfced1379b1fe>:0)
Battle.Skill.DoHitDamages (System.Collections.Generic.List`1[T] damages) (at <8b79beeb17c24128925dfced1379b1fe>:0)
Battle.Skill.DoHit (System.Int32 hitId, System.Collections.Generic.List`1[T] damages) (at <8b79beeb17c24128925dfced1379b1fe>:0)
Battle.Skill.DoHit (SkillBridge.Message.NSkillHitInfo hit) (at <8b79beeb17c24128925dfced1379b1fe>:0)
Entities.Creature.DoSkillHit (SkillBridge.Message.NSkillHitInfo hit) (at <8b79beeb17c24128925dfced1379b1fe>:0)
Services.BattleService.OnSkillHit (System.Object sender, SkillBridge.Message.SkillHitResponse message) (at <8b79beeb17c24128925dfced1379b1fe>:0)
Network.MessageDistributer`1[T].RaiseEvent[Tm] (T sender, Tm msg) (at <e1507db7e2374435a673639beda3642e>:0)
Network.MessageDispatch`1[T].Dispatch (T sender, SkillBridge.Message.NetMessageResponse message) (at <e1507db7e2374435a673639beda3642e>:0)
Network.MessageDistributer`1[T].Distribute () (at <e1507db7e2374435a673639beda3642e>:0)
Network.NetClient.ProceeMessage () (at <8b79beeb17c24128925dfced1379b1fe>:0)
Network.NetClient.Update () (at <8b79beeb17c24128925dfced1379b1fe>:0)
}</args></log4net.Error>
2022-06-20 07:30:49,815 [ 1] INFO  Unity: OnSkillHit : count : 1
2022-06-20 07:30:49,815 [ 1] INFO  Unity: DoSkillHit : Caster : 2 Skill : 103 Hit : 6 IsBullet : False
2022-06-20 07:30:49,815 [ 1] INFO  Unity: DoDamage : Grim Reaper DMG : 1 CRIT : False
2022-06-20 07:30:49,819 [ 1] FATAL Unity: <log4net.Error>Exception during StringFormat: Input string was not in a correct format. <format>{0
{1}</format><args>{NullReferenceException: Object reference not set to an instance of an object, EntityController.PlayAnim (System.String name) (at <8b79beeb17c24128925dfced1379b1fe>:0)
Entities.Creature.PlayAnim (System.String name) (at <8b79beeb17c24128925dfced1379b1fe>:0)
Entities.Creature.DoDamage (SkillBridge.Message.NDamageInfo damage, System.Boolean playHurt) (at <8b79beeb17c24128925dfced1379b1fe>:0)
Battle.Skill.DoHitDamages (System.Collections.Generic.List`1[T] damages) (at <8b79beeb17c24128925dfced1379b1fe>:0)
Battle.Skill.DoHit (System.Int32 hitId, System.Collections.Generic.List`1[T] damages) (at <8b79beeb17c24128925dfced1379b1fe>:0)
Battle.Skill.DoHit (SkillBridge.Message.NSkillHitInfo hit) (at <8b79beeb17c24128925dfced1379b1fe>:0)
Entities.Creature.DoSkillHit (SkillBridge.Message.NSkillHitInfo hit) (at <8b79beeb17c24128925dfced1379b1fe>:0)
Services.BattleService.OnSkillHit (System.Object sender, SkillBridge.Message.SkillHitResponse message) (at <8b79beeb17c24128925dfced1379b1fe>:0)
Network.MessageDistributer`1[T].RaiseEvent[Tm] (T sender, Tm msg) (at <e1507db7e2374435a673639beda3642e>:0)
Network.MessageDispatch`1[T].Dispatch (T sender, SkillBridge.Message.NetMessageResponse message) (at <e1507db7e2374435a673639beda3642e>:0)
Network.MessageDistributer`1[T].Distribute () (at <e1507db7e2374435a673639beda3642e>:0)
Network.NetClient.ProceeMessage () (at <8b79beeb17c24128925dfced1379b1fe>:0)
Network.NetClient.Update () (at <8b79beeb17c24128925dfced1379b1fe>:0)
}</args></log4net.Error>
2022-06-20 07:30:49,936 [ 1] INFO  Unity: OnSkillHit : count : 1
2022-06-20 07:30:49,936 [ 1] INFO  Unity: DoSkillHit : Caster : 2 Skill : 103 Hit : 7 IsBullet : False
2022-06-20 07:30:49,936 [ 1] INFO  Unity: DoDamage : Grim Reaper DMG : 1 CRIT : False
2022-06-20 07:30:49,937 [ 1] FATAL Unity: <log4net.Error>Exception during StringFormat: Input string was not in a correct format. <format>{0
{1}</format><args>{NullReferenceException: Object reference not set to an instance of an object, EntityController.PlayAnim (System.String name) (at <8b79beeb17c24128925dfced1379b1fe>:0)
Entities.Creature.PlayAnim (System.String name) (at <8b79beeb17c24128925dfced1379b1fe>:0)
Entities.Creature.DoDamage (SkillBridge.Message.NDamageInfo damage, System.Boolean playHurt) (at <8b79beeb17c24128925dfced1379b1fe>:0)
Battle.Skill.DoHitDamages (System.Collections.Generic.List`1[T] damages) (at <8b79beeb17c24128925dfced1379b1fe>:0)
Battle.Skill.DoHit (System.Int32 hitId, System.Collections.Generic.List`1[T] damages) (at <8b79beeb17c24128925dfced1379b1fe>:0)
Battle.Skill.DoHit (SkillBridge.Message.NSkillHitInfo hit) (at <8b79beeb17c24128925dfced1379b1fe>:0)
Entities.Creature.DoSkillHit (SkillBridge.Message.NSkillHitInfo hit) (at <8b79beeb17c24128925dfced1379b1fe>:0)
Services.BattleService.OnSkillHit (System.Object sender, SkillBridge.Message.SkillHitResponse message) (at <8b79beeb17c24128925dfced1379b1fe>:0)
Network.MessageDistributer`1[T].RaiseEvent[Tm] (T sender, Tm msg) (at <e1507db7e2374435a673639beda3642e>:0)
Network.MessageDispatch`1[T].Dispatch (T sender, SkillBridge.Message.NetMessageResponse message) (at <e1507db7e2374435a673639beda3642e>:0)
Network.MessageDistributer`1[T].Distribute () (at <e1507db7e2374435a673639beda3642e>:0)
Network.NetClient.ProceeMessage () (at <8b79beeb17c24128925dfced1379b1fe>:0)
Network.NetClient.Update () (at <8b79beeb17c24128925dfced1379b1fe>:0)
}</args></log4net.Error>
2022-06-20 07:30:50,057 [ 1] INFO  Unity: OnSkillHit : count : 1
2022-06-20 07:30:50,057 [ 1] INFO  Unity: DoSkillHit : Caster : 2 Skill : 103 Hit : 8 IsBullet : False
2022-06-20 07:30:50,058 [ 1] INFO  Unity: DoDamage : Grim Reaper DMG : 1 CRIT : False
2022-06-20 07:30:50,059 [ 1] FATAL Unity: <log4net.Error>Exception during StringFormat: Input string was not in a correct format. <format>{0
{1}</format><args>{NullReferenceException: Object reference not set to an instance of an object, EntityController.PlayAnim (System.String name) (at <8b79beeb17c24128925dfced1379b1fe>:0)
Entities.Creature.PlayAnim (System.String name) (at <8b79beeb17c24128925dfced1379b1fe>:0)
Entities.Creature.DoDamage (SkillBridge.Message.NDamageInfo damage, System.Boolean playHurt) (at <8b79beeb17c24128925dfced1379b1fe>:0)
Battle.Skill.DoHitDamages (System.Collections.Generic.List`1[T] damages) (at <8b79beeb17c24128925dfced1379b1fe>:0)
Battle.Skill.DoHit (System.Int32 hitId, System.Collections.Generic.List`1[T] damages) (at <8b79beeb17c24128925dfced1379b1fe>:0)
Battle.Skill.DoHit (SkillBridge.Message.NSkillHitInfo hit) (at <8b79beeb17c24128925dfced1379b1fe>:0)
Entities.Creature.DoSkillHit (SkillBridge.Message.NSkillHitInfo hit) (at <8b79beeb17c24128925dfced1379b1fe>:0)
Services.BattleService.OnSkillHit (System.Object sender, SkillBridge.Message.SkillHitResponse message) (at <8b79beeb17c24128925dfced1379b1fe>:0)
Network.MessageDistributer`1[T].RaiseEvent[Tm] (T sender, Tm msg) (at <e1507db7e2374435a673639beda3642e>:0)
Network.MessageDispatch`1[T].Dispatch (T sender, SkillBridge.Message.NetMessageResponse message) (at <e1507db7e2374435a673639beda3642e>:0)
Network.MessageDistributer`1[T].Distribute () (at <e1507db7e2374435a673639beda3642e>:0)
Network.NetClient.ProceeMessage () (at <8b79beeb17c24128925dfced1379b1fe>:0)
Network.NetClient.Update () (at <8b79beeb17c24128925dfced1379b1fe>:0)
}</args></log4net.Error>
2022-06-20 07:30:50,165 [ 1] INFO  Unity: OnSkillHit : count : 1
2022-06-20 07:30:50,165 [ 1] INFO  Unity: DoSkillHit : Caster : 2 Skill : 103 Hit : 9 IsBullet : False
2022-06-20 07:30:50,166 [ 1] INFO  Unity: DoDamage : Grim Reaper DMG : 1 CRIT : False
2022-06-20 07:30:50,167 [ 1] FATAL Unity: <log4net.Error>Exception during StringFormat: Input string was not in a correct format. <format>{0
{1}</format><args>{NullReferenceException: Object reference not set to an instance of an object, EntityController.PlayAnim (System.String name) (at <8b79beeb17c24128925dfced1379b1fe>:0)
Entities.Creature.PlayAnim (System.String name) (at <8b79beeb17c24128925dfced1379b1fe>:0)
Entities.Creature.DoDamage (SkillBridge.Message.NDamageInfo damage, System.Boolean playHurt) (at <8b79beeb17c24128925dfced1379b1fe>:0)
Battle.Skill.DoHitDamages (System.Collections.Generic.List`1[T] damages) (at <8b79beeb17c24128925dfced1379b1fe>:0)
Battle.Skill.DoHit (System.Int32 hitId, System.Collections.Generic.List`1[T] damages) (at <8b79beeb17c24128925dfced1379b1fe>:0)
Battle.Skill.DoHit (SkillBridge.Message.NSkillHitInfo hit) (at <8b79beeb17c24128925dfced1379b1fe>:0)
Entities.Creature.DoSkillHit (SkillBridge.Message.NSkillHitInfo hit) (at <8b79beeb17c24128925dfced1379b1fe>:0)
Services.BattleService.OnSkillHit (System.Object sender, SkillBridge.Message.SkillHitResponse message) (at <8b79beeb17c24128925dfced1379b1fe>:0)
Network.MessageDistributer`1[T].RaiseEvent[Tm] (T sender, Tm msg) (at <e1507db7e2374435a673639beda3642e>:0)
Network.MessageDispatch`1[T].Dispatch (T sender, SkillBridge.Message.NetMessageResponse message) (at <e1507db7e2374435a673639beda3642e>:0)
Network.MessageDistributer`1[T].Distribute () (at <e1507db7e2374435a673639beda3642e>:0)
Network.NetClient.ProceeMessage () (at <8b79beeb17c24128925dfced1379b1fe>:0)
Network.NetClient.Update () (at <8b79beeb17c24128925dfced1379b1fe>:0)
}</args></log4net.Error>
2022-06-20 07:30:50,275 [ 1] INFO  Unity: OnSkillHit : count : 1
2022-06-20 07:30:50,276 [ 1] INFO  Unity: DoSkillHit : Caster : 2 Skill : 103 Hit : 10 IsBullet : False
2022-06-20 07:30:50,276 [ 1] INFO  Unity: DoDamage : Grim Reaper DMG : 1 CRIT : False
2022-06-20 07:30:50,277 [ 1] FATAL Unity: <log4net.Error>Exception during StringFormat: Input string was not in a correct format. <format>{0
{1}</format><args>{NullReferenceException: Object reference not set to an instance of an object, EntityController.PlayAnim (System.String name) (at <8b79beeb17c24128925dfced1379b1fe>:0)
Entities.Creature.PlayAnim (System.String name) (at <8b79beeb17c24128925dfced1379b1fe>:0)
Entities.Creature.DoDamage (SkillBridge.Message.NDamageInfo damage, System.Boolean playHurt) (at <8b79beeb17c24128925dfced1379b1fe>:0)
Battle.Skill.DoHitDamages (System.Collections.Generic.List`1[T] damages) (at <8b79beeb17c24128925dfced1379b1fe>:0)
Battle.Skill.DoHit (System.Int32 hitId, System.Collections.Generic.List`1[T] damages) (at <8b79beeb17c24128925dfced1379b1fe>:0)
Battle.Skill.DoHit (SkillBridge.Message.NSkillHitInfo hit) (at <8b79beeb17c24128925dfced1379b1fe>:0)
Entities.Creature.DoSkillHit (SkillBridge.Message.NSkillHitInfo hit) (at <8b79beeb17c24128925dfced1379b1fe>:0)
Services.BattleService.OnSkillHit (System.Object sender, SkillBridge.Message.SkillHitResponse message) (at <8b79beeb17c24128925dfced1379b1fe>:0)
Network.MessageDistributer`1[T].RaiseEvent[Tm] (T sender, Tm msg) (at <e1507db7e2374435a673639beda3642e>:0)
Network.MessageDispatch`1[T].Dispatch (T sender, SkillBridge.Message.NetMessageResponse message) (at <e1507db7e2374435a673639beda3642e>:0)
Network.MessageDistributer`1[T].Distribute () (at <e1507db7e2374435a673639beda3642e>:0)
Network.NetClient.ProceeMessage () (at <8b79beeb17c24128925dfced1379b1fe>:0)
Network.NetClient.Update () (at <8b79beeb17c24128925dfced1379b1fe>:0)
}</args></log4net.Error>
2022-06-20 07:30:50,396 [ 1] INFO  Unity: OnSkillHit : count : 1
2022-06-20 07:30:50,396 [ 1] INFO  Unity: DoSkillHit : Caster : 2 Skill : 103 Hit : 11 IsBullet : False
2022-06-20 07:30:50,396 [ 1] INFO  Unity: DoDamage : Grim Reaper DMG : 1 CRIT : False
2022-06-20 07:30:50,399 [ 1] FATAL Unity: <log4net.Error>Exception during StringFormat: Input string was not in a correct format. <format>{0
{1}</format><args>{NullReferenceException: Object reference not set to an instance of an object, EntityController.PlayAnim (System.String name) (at <8b79beeb17c24128925dfced1379b1fe>:0)
Entities.Creature.PlayAnim (System.String name) (at <8b79beeb17c24128925dfced1379b1fe>:0)
Entities.Creature.DoDamage (SkillBridge.Message.NDamageInfo damage, System.Boolean playHurt) (at <8b79beeb17c24128925dfced1379b1fe>:0)
Battle.Skill.DoHitDamages (System.Collections.Generic.List`1[T] damages) (at <8b79beeb17c24128925dfced1379b1fe>:0)
Battle.Skill.DoHit (System.Int32 hitId, System.Collections.Generic.List`1[T] damages) (at <8b79beeb17c24128925dfced1379b1fe>:0)
Battle.Skill.DoHit (SkillBridge.Message.NSkillHitInfo hit) (at <8b79beeb17c24128925dfced1379b1fe>:0)
Entities.Creature.DoSkillHit (SkillBridge.Message.NSkillHitInfo hit) (at <8b79beeb17c24128925dfced1379b1fe>:0)
Services.BattleService.OnSkillHit (System.Object sender, SkillBridge.Message.SkillHitResponse message) (at <8b79beeb17c24128925dfced1379b1fe>:0)
Network.MessageDistributer`1[T].RaiseEvent[Tm] (T sender, Tm msg) (at <e1507db7e2374435a673639beda3642e>:0)
Network.MessageDispatch`1[T].Dispatch (T sender, SkillBridge.Message.NetMessageResponse message) (at <e1507db7e2374435a673639beda3642e>:0)
Network.MessageDistributer`1[T].Distribute () (at <e1507db7e2374435a673639beda3642e>:0)
Network.NetClient.ProceeMessage () (at <8b79beeb17c24128925dfced1379b1fe>:0)
Network.NetClient.Update () (at <8b79beeb17c24128925dfced1379b1fe>:0)
}</args></log4net.Error>
2022-06-20 07:30:50,503 [ 1] INFO  Unity: OnSkillHit : count : 1
2022-06-20 07:30:50,503 [ 1] INFO  Unity: DoSkillHit : Caster : 2 Skill : 103 Hit : 12 IsBullet : False
2022-06-20 07:30:50,503 [ 1] INFO  Unity: DoDamage : Grim Reaper DMG : 1 CRIT : False
2022-06-20 07:30:50,505 [ 1] FATAL Unity: <log4net.Error>Exception during StringFormat: Input string was not in a correct format. <format>{0
{1}</format><args>{NullReferenceException: Object reference not set to an instance of an object, EntityController.PlayAnim (System.String name) (at <8b79beeb17c24128925dfced1379b1fe>:0)
Entities.Creature.PlayAnim (System.String name) (at <8b79beeb17c24128925dfced1379b1fe>:0)
Entities.Creature.DoDamage (SkillBridge.Message.NDamageInfo damage, System.Boolean playHurt) (at <8b79beeb17c24128925dfced1379b1fe>:0)
Battle.Skill.DoHitDamages (System.Collections.Generic.List`1[T] damages) (at <8b79beeb17c24128925dfced1379b1fe>:0)
Battle.Skill.DoHit (System.Int32 hitId, System.Collections.Generic.List`1[T] damages) (at <8b79beeb17c24128925dfced1379b1fe>:0)
Battle.Skill.DoHit (SkillBridge.Message.NSkillHitInfo hit) (at <8b79beeb17c24128925dfced1379b1fe>:0)
Entities.Creature.DoSkillHit (SkillBridge.Message.NSkillHitInfo hit) (at <8b79beeb17c24128925dfced1379b1fe>:0)
Services.BattleService.OnSkillHit (System.Object sender, SkillBridge.Message.SkillHitResponse message) (at <8b79beeb17c24128925dfced1379b1fe>:0)
Network.MessageDistributer`1[T].RaiseEvent[Tm] (T sender, Tm msg) (at <e1507db7e2374435a673639beda3642e>:0)
Network.MessageDispatch`1[T].Dispatch (T sender, SkillBridge.Message.NetMessageResponse message) (at <e1507db7e2374435a673639beda3642e>:0)
Network.MessageDistributer`1[T].Distribute () (at <e1507db7e2374435a673639beda3642e>:0)
Network.NetClient.ProceeMessage () (at <8b79beeb17c24128925dfced1379b1fe>:0)
Network.NetClient.Update () (at <8b79beeb17c24128925dfced1379b1fe>:0)
}</args></log4net.Error>
2022-06-20 07:30:50,610 [ 1] INFO  Unity: OnSkillHit : count : 1
2022-06-20 07:30:50,610 [ 1] INFO  Unity: DoSkillHit : Caster : 2 Skill : 103 Hit : 13 IsBullet : False
2022-06-20 07:30:50,610 [ 1] INFO  Unity: DoDamage : Grim Reaper DMG : 1 CRIT : False
2022-06-20 07:30:50,611 [ 1] FATAL Unity: <log4net.Error>Exception during StringFormat: Input string was not in a correct format. <format>{0
{1}</format><args>{NullReferenceException: Object reference not set to an instance of an object, EntityController.PlayAnim (System.String name) (at <8b79beeb17c24128925dfced1379b1fe>:0)
Entities.Creature.PlayAnim (System.String name) (at <8b79beeb17c24128925dfced1379b1fe>:0)
Entities.Creature.DoDamage (SkillBridge.Message.NDamageInfo damage, System.Boolean playHurt) (at <8b79beeb17c24128925dfced1379b1fe>:0)
Battle.Skill.DoHitDamages (System.Collections.Generic.List`1[T] damages) (at <8b79beeb17c24128925dfced1379b1fe>:0)
Battle.Skill.DoHit (System.Int32 hitId, System.Collections.Generic.List`1[T] damages) (at <8b79beeb17c24128925dfced1379b1fe>:0)
Battle.Skill.DoHit (SkillBridge.Message.NSkillHitInfo hit) (at <8b79beeb17c24128925dfced1379b1fe>:0)
Entities.Creature.DoSkillHit (SkillBridge.Message.NSkillHitInfo hit) (at <8b79beeb17c24128925dfced1379b1fe>:0)
Services.BattleService.OnSkillHit (System.Object sender, SkillBridge.Message.SkillHitResponse message) (at <8b79beeb17c24128925dfced1379b1fe>:0)
Network.MessageDistributer`1[T].RaiseEvent[Tm] (T sender, Tm msg) (at <e1507db7e2374435a673639beda3642e>:0)
Network.MessageDispatch`1[T].Dispatch (T sender, SkillBridge.Message.NetMessageResponse message) (at <e1507db7e2374435a673639beda3642e>:0)
Network.MessageDistributer`1[T].Distribute () (at <e1507db7e2374435a673639beda3642e>:0)
Network.NetClient.ProceeMessage () (at <8b79beeb17c24128925dfced1379b1fe>:0)
Network.NetClient.Update () (at <8b79beeb17c24128925dfced1379b1fe>:0)
}</args></log4net.Error>
2022-06-20 07:30:50,722 [ 1] INFO  Unity: OnSkillHit : count : 1
2022-06-20 07:30:50,722 [ 1] INFO  Unity: DoSkillHit : Caster : 2 Skill : 103 Hit : 14 IsBullet : False
2022-06-20 07:30:50,722 [ 1] INFO  Unity: DoDamage : Grim Reaper DMG : 1 CRIT : False
2022-06-20 07:30:50,724 [ 1] FATAL Unity: <log4net.Error>Exception during StringFormat: Input string was not in a correct format. <format>{0
{1}</format><args>{NullReferenceException: Object reference not set to an instance of an object, EntityController.PlayAnim (System.String name) (at <8b79beeb17c24128925dfced1379b1fe>:0)
Entities.Creature.PlayAnim (System.String name) (at <8b79beeb17c24128925dfced1379b1fe>:0)
Entities.Creature.DoDamage (SkillBridge.Message.NDamageInfo damage, System.Boolean playHurt) (at <8b79beeb17c24128925dfced1379b1fe>:0)
Battle.Skill.DoHitDamages (System.Collections.Generic.List`1[T] damages) (at <8b79beeb17c24128925dfced1379b1fe>:0)
Battle.Skill.DoHit (System.Int32 hitId, System.Collections.Generic.List`1[T] damages) (at <8b79beeb17c24128925dfced1379b1fe>:0)
Battle.Skill.DoHit (SkillBridge.Message.NSkillHitInfo hit) (at <8b79beeb17c24128925dfced1379b1fe>:0)
Entities.Creature.DoSkillHit (SkillBridge.Message.NSkillHitInfo hit) (at <8b79beeb17c24128925dfced1379b1fe>:0)
Services.BattleService.OnSkillHit (System.Object sender, SkillBridge.Message.SkillHitResponse message) (at <8b79beeb17c24128925dfced1379b1fe>:0)
Network.MessageDistributer`1[T].RaiseEvent[Tm] (T sender, Tm msg) (at <e1507db7e2374435a673639beda3642e>:0)
Network.MessageDispatch`1[T].Dispatch (T sender, SkillBridge.Message.NetMessageResponse message) (at <e1507db7e2374435a673639beda3642e>:0)
Network.MessageDistributer`1[T].Distribute () (at <e1507db7e2374435a673639beda3642e>:0)
Network.NetClient.ProceeMessage () (at <8b79beeb17c24128925dfced1379b1fe>:0)
Network.NetClient.Update () (at <8b79beeb17c24128925dfced1379b1fe>:0)
}</args></log4net.Error>
2022-06-20 07:30:50,829 [ 1] INFO  Unity: OnSkillHit : count : 1
2022-06-20 07:30:50,829 [ 1] INFO  Unity: DoSkillHit : Caster : 2 Skill : 103 Hit : 15 IsBullet : False
2022-06-20 07:30:50,829 [ 1] INFO  Unity: DoDamage : Grim Reaper DMG : 1 CRIT : False
2022-06-20 07:30:50,830 [ 1] FATAL Unity: <log4net.Error>Exception during StringFormat: Input string was not in a correct format. <format>{0
{1}</format><args>{NullReferenceException: Object reference not set to an instance of an object, EntityController.PlayAnim (System.String name) (at <8b79beeb17c24128925dfced1379b1fe>:0)
Entities.Creature.PlayAnim (System.String name) (at <8b79beeb17c24128925dfced1379b1fe>:0)
Entities.Creature.DoDamage (SkillBridge.Message.NDamageInfo damage, System.Boolean playHurt) (at <8b79beeb17c24128925dfced1379b1fe>:0)
Battle.Skill.DoHitDamages (System.Collections.Generic.List`1[T] damages) (at <8b79beeb17c24128925dfced1379b1fe>:0)
Battle.Skill.DoHit (System.Int32 hitId, System.Collections.Generic.List`1[T] damages) (at <8b79beeb17c24128925dfced1379b1fe>:0)
Battle.Skill.DoHit (SkillBridge.Message.NSkillHitInfo hit) (at <8b79beeb17c24128925dfced1379b1fe>:0)
Entities.Creature.DoSkillHit (SkillBridge.Message.NSkillHitInfo hit) (at <8b79beeb17c24128925dfced1379b1fe>:0)
Services.BattleService.OnSkillHit (System.Object sender, SkillBridge.Message.SkillHitResponse message) (at <8b79beeb17c24128925dfced1379b1fe>:0)
Network.MessageDistributer`1[T].RaiseEvent[Tm] (T sender, Tm msg) (at <e1507db7e2374435a673639beda3642e>:0)
Network.MessageDispatch`1[T].Dispatch (T sender, SkillBridge.Message.NetMessageResponse message) (at <e1507db7e2374435a673639beda3642e>:0)
Network.MessageDistributer`1[T].Distribute () (at <e1507db7e2374435a673639beda3642e>:0)
Network.NetClient.ProceeMessage () (at <8b79beeb17c24128925dfced1379b1fe>:0)
Network.NetClient.Update () (at <8b79beeb17c24128925dfced1379b1fe>:0)
}</args></log4net.Error>
2022-06-20 07:30:50,938 [ 1] INFO  Unity: OnSkillHit : count : 1
2022-06-20 07:30:50,938 [ 1] INFO  Unity: DoSkillHit : Caster : 2 Skill : 103 Hit : 16 IsBullet : False
2022-06-20 07:30:50,939 [ 1] INFO  Unity: DoDamage : Grim Reaper DMG : 1 CRIT : False
2022-06-20 07:30:50,940 [ 1] FATAL Unity: <log4net.Error>Exception during StringFormat: Input string was not in a correct format. <format>{0
{1}</format><args>{NullReferenceException: Object reference not set to an instance of an object, EntityController.PlayAnim (System.String name) (at <8b79beeb17c24128925dfced1379b1fe>:0)
Entities.Creature.PlayAnim (System.String name) (at <8b79beeb17c24128925dfced1379b1fe>:0)
Entities.Creature.DoDamage (SkillBridge.Message.NDamageInfo damage, System.Boolean playHurt) (at <8b79beeb17c24128925dfced1379b1fe>:0)
Battle.Skill.DoHitDamages (System.Collections.Generic.List`1[T] damages) (at <8b79beeb17c24128925dfced1379b1fe>:0)
Battle.Skill.DoHit (System.Int32 hitId, System.Collections.Generic.List`1[T] damages) (at <8b79beeb17c24128925dfced1379b1fe>:0)
Battle.Skill.DoHit (SkillBridge.Message.NSkillHitInfo hit) (at <8b79beeb17c24128925dfced1379b1fe>:0)
Entities.Creature.DoSkillHit (SkillBridge.Message.NSkillHitInfo hit) (at <8b79beeb17c24128925dfced1379b1fe>:0)
Services.BattleService.OnSkillHit (System.Object sender, SkillBridge.Message.SkillHitResponse message) (at <8b79beeb17c24128925dfced1379b1fe>:0)
Network.MessageDistributer`1[T].RaiseEvent[Tm] (T sender, Tm msg) (at <e1507db7e2374435a673639beda3642e>:0)
Network.MessageDispatch`1[T].Dispatch (T sender, SkillBridge.Message.NetMessageResponse message) (at <e1507db7e2374435a673639beda3642e>:0)
Network.MessageDistributer`1[T].Distribute () (at <e1507db7e2374435a673639beda3642e>:0)
Network.NetClient.ProceeMessage () (at <8b79beeb17c24128925dfced1379b1fe>:0)
Network.NetClient.Update () (at <8b79beeb17c24128925dfced1379b1fe>:0)
}</args></log4net.Error>
2022-06-20 07:30:51,047 [ 1] INFO  Unity: OnSkillHit : count : 1
2022-06-20 07:30:51,047 [ 1] INFO  Unity: DoSkillHit : Caster : 2 Skill : 103 Hit : 17 IsBullet : False
2022-06-20 07:30:51,047 [ 1] INFO  Unity: DoDamage : Grim Reaper DMG : 1 CRIT : False
2022-06-20 07:30:51,048 [ 1] FATAL Unity: <log4net.Error>Exception during StringFormat: Input string was not in a correct format. <format>{0
{1}</format><args>{NullReferenceException: Object reference not set to an instance of an object, EntityController.PlayAnim (System.String name) (at <8b79beeb17c24128925dfced1379b1fe>:0)
Entities.Creature.PlayAnim (System.String name) (at <8b79beeb17c24128925dfced1379b1fe>:0)
Entities.Creature.DoDamage (SkillBridge.Message.NDamageInfo damage, System.Boolean playHurt) (at <8b79beeb17c24128925dfced1379b1fe>:0)
Battle.Skill.DoHitDamages (System.Collections.Generic.List`1[T] damages) (at <8b79beeb17c24128925dfced1379b1fe>:0)
Battle.Skill.DoHit (System.Int32 hitId, System.Collections.Generic.List`1[T] damages) (at <8b79beeb17c24128925dfced1379b1fe>:0)
Battle.Skill.DoHit (SkillBridge.Message.NSkillHitInfo hit) (at <8b79beeb17c24128925dfced1379b1fe>:0)
Entities.Creature.DoSkillHit (SkillBridge.Message.NSkillHitInfo hit) (at <8b79beeb17c24128925dfced1379b1fe>:0)
Services.BattleService.OnSkillHit (System.Object sender, SkillBridge.Message.SkillHitResponse message) (at <8b79beeb17c24128925dfced1379b1fe>:0)
Network.MessageDistributer`1[T].RaiseEvent[Tm] (T sender, Tm msg) (at <e1507db7e2374435a673639beda3642e>:0)
Network.MessageDispatch`1[T].Dispatch (T sender, SkillBridge.Message.NetMessageResponse message) (at <e1507db7e2374435a673639beda3642e>:0)
Network.MessageDistributer`1[T].Distribute () (at <e1507db7e2374435a673639beda3642e>:0)
Network.NetClient.ProceeMessage () (at <8b79beeb17c24128925dfced1379b1fe>:0)
Network.NetClient.Update () (at <8b79beeb17c24128925dfced1379b1fe>:0)
}</args></log4net.Error>
2022-06-20 07:30:51,153 [ 1] INFO  Unity: OnSkillHit : count : 1
2022-06-20 07:30:51,153 [ 1] INFO  Unity: DoSkillHit : Caster : 2 Skill : 103 Hit : 18 IsBullet : False
2022-06-20 07:30:51,153 [ 1] INFO  Unity: DoDamage : Grim Reaper DMG : 1 CRIT : False
2022-06-20 07:30:51,154 [ 1] FATAL Unity: <log4net.Error>Exception during StringFormat: Input string was not in a correct format. <format>{0
{1}</format><args>{NullReferenceException: Object reference not set to an instance of an object, EntityController.PlayAnim (System.String name) (at <8b79beeb17c24128925dfced1379b1fe>:0)
Entities.Creature.PlayAnim (System.String name) (at <8b79beeb17c24128925dfced1379b1fe>:0)
Entities.Creature.DoDamage (SkillBridge.Message.NDamageInfo damage, System.Boolean playHurt) (at <8b79beeb17c24128925dfced1379b1fe>:0)
Battle.Skill.DoHitDamages (System.Collections.Generic.List`1[T] damages) (at <8b79beeb17c24128925dfced1379b1fe>:0)
Battle.Skill.DoHit (System.Int32 hitId, System.Collections.Generic.List`1[T] damages) (at <8b79beeb17c24128925dfced1379b1fe>:0)
Battle.Skill.DoHit (SkillBridge.Message.NSkillHitInfo hit) (at <8b79beeb17c24128925dfced1379b1fe>:0)
Entities.Creature.DoSkillHit (SkillBridge.Message.NSkillHitInfo hit) (at <8b79beeb17c24128925dfced1379b1fe>:0)
Services.BattleService.OnSkillHit (System.Object sender, SkillBridge.Message.SkillHitResponse message) (at <8b79beeb17c24128925dfced1379b1fe>:0)
Network.MessageDistributer`1[T].RaiseEvent[Tm] (T sender, Tm msg) (at <e1507db7e2374435a673639beda3642e>:0)
Network.MessageDispatch`1[T].Dispatch (T sender, SkillBridge.Message.NetMessageResponse message) (at <e1507db7e2374435a673639beda3642e>:0)
Network.MessageDistributer`1[T].Distribute () (at <e1507db7e2374435a673639beda3642e>:0)
Network.NetClient.ProceeMessage () (at <8b79beeb17c24128925dfced1379b1fe>:0)
Network.NetClient.Update () (at <8b79beeb17c24128925dfced1379b1fe>:0)
}</args></log4net.Error>
2022-06-20 07:30:51,263 [ 1] INFO  Unity: OnSkillHit : count : 1
2022-06-20 07:30:51,263 [ 1] INFO  Unity: DoSkillHit : Caster : 2 Skill : 103 Hit : 19 IsBullet : False
2022-06-20 07:30:51,263 [ 1] INFO  Unity: DoDamage : Grim Reaper DMG : 1 CRIT : False
2022-06-20 07:30:51,264 [ 1] FATAL Unity: <log4net.Error>Exception during StringFormat: Input string was not in a correct format. <format>{0
{1}</format><args>{NullReferenceException: Object reference not set to an instance of an object, EntityController.PlayAnim (System.String name) (at <8b79beeb17c24128925dfced1379b1fe>:0)
Entities.Creature.PlayAnim (System.String name) (at <8b79beeb17c24128925dfced1379b1fe>:0)
Entities.Creature.DoDamage (SkillBridge.Message.NDamageInfo damage, System.Boolean playHurt) (at <8b79beeb17c24128925dfced1379b1fe>:0)
Battle.Skill.DoHitDamages (System.Collections.Generic.List`1[T] damages) (at <8b79beeb17c24128925dfced1379b1fe>:0)
Battle.Skill.DoHit (System.Int32 hitId, System.Collections.Generic.List`1[T] damages) (at <8b79beeb17c24128925dfced1379b1fe>:0)
Battle.Skill.DoHit (SkillBridge.Message.NSkillHitInfo hit) (at <8b79beeb17c24128925dfced1379b1fe>:0)
Entities.Creature.DoSkillHit (SkillBridge.Message.NSkillHitInfo hit) (at <8b79beeb17c24128925dfced1379b1fe>:0)
Services.BattleService.OnSkillHit (System.Object sender, SkillBridge.Message.SkillHitResponse message) (at <8b79beeb17c24128925dfced1379b1fe>:0)
Network.MessageDistributer`1[T].RaiseEvent[Tm] (T sender, Tm msg) (at <e1507db7e2374435a673639beda3642e>:0)
Network.MessageDispatch`1[T].Dispatch (T sender, SkillBridge.Message.NetMessageResponse message) (at <e1507db7e2374435a673639beda3642e>:0)
Network.MessageDistributer`1[T].Distribute () (at <e1507db7e2374435a673639beda3642e>:0)
Network.NetClient.ProceeMessage () (at <8b79beeb17c24128925dfced1379b1fe>:0)
Network.NetClient.Update () (at <8b79beeb17c24128925dfced1379b1fe>:0)
}</args></log4net.Error>
2022-06-20 07:30:51,377 [ 1] INFO  Unity: OnSkillHit : count : 1
2022-06-20 07:30:51,377 [ 1] INFO  Unity: DoSkillHit : Caster : 2 Skill : 103 Hit : 20 IsBullet : False
2022-06-20 07:30:51,377 [ 1] INFO  Unity: DoDamage : Grim Reaper DMG : 1 CRIT : False
2022-06-20 07:30:51,378 [ 1] FATAL Unity: <log4net.Error>Exception during StringFormat: Input string was not in a correct format. <format>{0
{1}</format><args>{NullReferenceException: Object reference not set to an instance of an object, EntityController.PlayAnim (System.String name) (at <8b79beeb17c24128925dfced1379b1fe>:0)
Entities.Creature.PlayAnim (System.String name) (at <8b79beeb17c24128925dfced1379b1fe>:0)
Entities.Creature.DoDamage (SkillBridge.Message.NDamageInfo damage, System.Boolean playHurt) (at <8b79beeb17c24128925dfced1379b1fe>:0)
Battle.Skill.DoHitDamages (System.Collections.Generic.List`1[T] damages) (at <8b79beeb17c24128925dfced1379b1fe>:0)
Battle.Skill.DoHit (System.Int32 hitId, System.Collections.Generic.List`1[T] damages) (at <8b79beeb17c24128925dfced1379b1fe>:0)
Battle.Skill.DoHit (SkillBridge.Message.NSkillHitInfo hit) (at <8b79beeb17c24128925dfced1379b1fe>:0)
Entities.Creature.DoSkillHit (SkillBridge.Message.NSkillHitInfo hit) (at <8b79beeb17c24128925dfced1379b1fe>:0)
Services.BattleService.OnSkillHit (System.Object sender, SkillBridge.Message.SkillHitResponse message) (at <8b79beeb17c24128925dfced1379b1fe>:0)
Network.MessageDistributer`1[T].RaiseEvent[Tm] (T sender, Tm msg) (at <e1507db7e2374435a673639beda3642e>:0)
Network.MessageDispatch`1[T].Dispatch (T sender, SkillBridge.Message.NetMessageResponse message) (at <e1507db7e2374435a673639beda3642e>:0)
Network.MessageDistributer`1[T].Distribute () (at <e1507db7e2374435a673639beda3642e>:0)
Network.NetClient.ProceeMessage () (at <8b79beeb17c24128925dfced1379b1fe>:0)
Network.NetClient.Update () (at <8b79beeb17c24128925dfced1379b1fe>:0)
}</args></log4net.Error>
2022-06-20 07:30:51,497 [ 1] INFO  Unity: OnSkillHit : count : 1
2022-06-20 07:30:51,498 [ 1] INFO  Unity: DoSkillHit : Caster : 2 Skill : 103 Hit : 21 IsBullet : False
2022-06-20 07:30:51,498 [ 1] INFO  Unity: DoDamage : Grim Reaper DMG : 1 CRIT : False
2022-06-20 07:30:51,499 [ 1] FATAL Unity: <log4net.Error>Exception during StringFormat: Input string was not in a correct format. <format>{0
{1}</format><args>{NullReferenceException: Object reference not set to an instance of an object, EntityController.PlayAnim (System.String name) (at <8b79beeb17c24128925dfced1379b1fe>:0)
Entities.Creature.PlayAnim (System.String name) (at <8b79beeb17c24128925dfced1379b1fe>:0)
Entities.Creature.DoDamage (SkillBridge.Message.NDamageInfo damage, System.Boolean playHurt) (at <8b79beeb17c24128925dfced1379b1fe>:0)
Battle.Skill.DoHitDamages (System.Collections.Generic.List`1[T] damages) (at <8b79beeb17c24128925dfced1379b1fe>:0)
Battle.Skill.DoHit (System.Int32 hitId, System.Collections.Generic.List`1[T] damages) (at <8b79beeb17c24128925dfced1379b1fe>:0)
Battle.Skill.DoHit (SkillBridge.Message.NSkillHitInfo hit) (at <8b79beeb17c24128925dfced1379b1fe>:0)
Entities.Creature.DoSkillHit (SkillBridge.Message.NSkillHitInfo hit) (at <8b79beeb17c24128925dfced1379b1fe>:0)
Services.BattleService.OnSkillHit (System.Object sender, SkillBridge.Message.SkillHitResponse message) (at <8b79beeb17c24128925dfced1379b1fe>:0)
Network.MessageDistributer`1[T].RaiseEvent[Tm] (T sender, Tm msg) (at <e1507db7e2374435a673639beda3642e>:0)
Network.MessageDispatch`1[T].Dispatch (T sender, SkillBridge.Message.NetMessageResponse message) (at <e1507db7e2374435a673639beda3642e>:0)
Network.MessageDistributer`1[T].Distribute () (at <e1507db7e2374435a673639beda3642e>:0)
Network.NetClient.ProceeMessage () (at <8b79beeb17c24128925dfced1379b1fe>:0)
Network.NetClient.Update () (at <8b79beeb17c24128925dfced1379b1fe>:0)
}</args></log4net.Error>
2022-06-20 07:30:51,610 [ 1] INFO  Unity: OnSkillHit : count : 1
2022-06-20 07:30:51,610 [ 1] INFO  Unity: DoSkillHit : Caster : 2 Skill : 103 Hit : 22 IsBullet : False
2022-06-20 07:30:51,610 [ 1] INFO  Unity: DoDamage : Grim Reaper DMG : 1 CRIT : False
2022-06-20 07:30:51,611 [ 1] FATAL Unity: <log4net.Error>Exception during StringFormat: Input string was not in a correct format. <format>{0
{1}</format><args>{NullReferenceException: Object reference not set to an instance of an object, EntityController.PlayAnim (System.String name) (at <8b79beeb17c24128925dfced1379b1fe>:0)
Entities.Creature.PlayAnim (System.String name) (at <8b79beeb17c24128925dfced1379b1fe>:0)
Entities.Creature.DoDamage (SkillBridge.Message.NDamageInfo damage, System.Boolean playHurt) (at <8b79beeb17c24128925dfced1379b1fe>:0)
Battle.Skill.DoHitDamages (System.Collections.Generic.List`1[T] damages) (at <8b79beeb17c24128925dfced1379b1fe>:0)
Battle.Skill.DoHit (System.Int32 hitId, System.Collections.Generic.List`1[T] damages) (at <8b79beeb17c24128925dfced1379b1fe>:0)
Battle.Skill.DoHit (SkillBridge.Message.NSkillHitInfo hit) (at <8b79beeb17c24128925dfced1379b1fe>:0)
Entities.Creature.DoSkillHit (SkillBridge.Message.NSkillHitInfo hit) (at <8b79beeb17c24128925dfced1379b1fe>:0)
Services.BattleService.OnSkillHit (System.Object sender, SkillBridge.Message.SkillHitResponse message) (at <8b79beeb17c24128925dfced1379b1fe>:0)
Network.MessageDistributer`1[T].RaiseEvent[Tm] (T sender, Tm msg) (at <e1507db7e2374435a673639beda3642e>:0)
Network.MessageDispatch`1[T].Dispatch (T sender, SkillBridge.Message.NetMessageResponse message) (at <e1507db7e2374435a673639beda3642e>:0)
Network.MessageDistributer`1[T].Distribute () (at <e1507db7e2374435a673639beda3642e>:0)
Network.NetClient.ProceeMessage () (at <8b79beeb17c24128925dfced1379b1fe>:0)
Network.NetClient.Update () (at <8b79beeb17c24128925dfced1379b1fe>:0)
}</args></log4net.Error>
2022-06-20 07:30:51,725 [ 1] INFO  Unity: OnSkillHit : count : 1
2022-06-20 07:30:51,726 [ 1] INFO  Unity: DoSkillHit : Caster : 2 Skill : 103 Hit : 23 IsBullet : False
2022-06-20 07:30:51,726 [ 1] INFO  Unity: DoDamage : Grim Reaper DMG : 1 CRIT : False
2022-06-20 07:30:51,727 [ 1] FATAL Unity: <log4net.Error>Exception during StringFormat: Input string was not in a correct format. <format>{0
{1}</format><args>{NullReferenceException: Object reference not set to an instance of an object, EntityController.PlayAnim (System.String name) (at <8b79beeb17c24128925dfced1379b1fe>:0)
Entities.Creature.PlayAnim (System.String name) (at <8b79beeb17c24128925dfced1379b1fe>:0)
Entities.Creature.DoDamage (SkillBridge.Message.NDamageInfo damage, System.Boolean playHurt) (at <8b79beeb17c24128925dfced1379b1fe>:0)
Battle.Skill.DoHitDamages (System.Collections.Generic.List`1[T] damages) (at <8b79beeb17c24128925dfced1379b1fe>:0)
Battle.Skill.DoHit (System.Int32 hitId, System.Collections.Generic.List`1[T] damages) (at <8b79beeb17c24128925dfced1379b1fe>:0)
Battle.Skill.DoHit (SkillBridge.Message.NSkillHitInfo hit) (at <8b79beeb17c24128925dfced1379b1fe>:0)
Entities.Creature.DoSkillHit (SkillBridge.Message.NSkillHitInfo hit) (at <8b79beeb17c24128925dfced1379b1fe>:0)
Services.BattleService.OnSkillHit (System.Object sender, SkillBridge.Message.SkillHitResponse message) (at <8b79beeb17c24128925dfced1379b1fe>:0)
Network.MessageDistributer`1[T].RaiseEvent[Tm] (T sender, Tm msg) (at <e1507db7e2374435a673639beda3642e>:0)
Network.MessageDispatch`1[T].Dispatch (T sender, SkillBridge.Message.NetMessageResponse message) (at <e1507db7e2374435a673639beda3642e>:0)
Network.MessageDistributer`1[T].Distribute () (at <e1507db7e2374435a673639beda3642e>:0)
Network.NetClient.ProceeMessage () (at <8b79beeb17c24128925dfced1379b1fe>:0)
Network.NetClient.Update () (at <8b79beeb17c24128925dfced1379b1fe>:0)
}</args></log4net.Error>
2022-06-20 07:30:51,837 [ 1] INFO  Unity: OnSkillHit : count : 1
2022-06-20 07:30:51,837 [ 1] INFO  Unity: DoSkillHit : Caster : 2 Skill : 103 Hit : 24 IsBullet : False
2022-06-20 07:30:51,837 [ 1] INFO  Unity: DoDamage : Grim Reaper DMG : 1 CRIT : False
2022-06-20 07:30:51,838 [ 1] FATAL Unity: <log4net.Error>Exception during StringFormat: Input string was not in a correct format. <format>{0
{1}</format><args>{NullReferenceException: Object reference not set to an instance of an object, EntityController.PlayAnim (System.String name) (at <8b79beeb17c24128925dfced1379b1fe>:0)
Entities.Creature.PlayAnim (System.String name) (at <8b79beeb17c24128925dfced1379b1fe>:0)
Entities.Creature.DoDamage (SkillBridge.Message.NDamageInfo damage, System.Boolean playHurt) (at <8b79beeb17c24128925dfced1379b1fe>:0)
Battle.Skill.DoHitDamages (System.Collections.Generic.List`1[T] damages) (at <8b79beeb17c24128925dfced1379b1fe>:0)
Battle.Skill.DoHit (System.Int32 hitId, System.Collections.Generic.List`1[T] damages) (at <8b79beeb17c24128925dfced1379b1fe>:0)
Battle.Skill.DoHit (SkillBridge.Message.NSkillHitInfo hit) (at <8b79beeb17c24128925dfced1379b1fe>:0)
Entities.Creature.DoSkillHit (SkillBridge.Message.NSkillHitInfo hit) (at <8b79beeb17c24128925dfced1379b1fe>:0)
Services.BattleService.OnSkillHit (System.Object sender, SkillBridge.Message.SkillHitResponse message) (at <8b79beeb17c24128925dfced1379b1fe>:0)
Network.MessageDistributer`1[T].RaiseEvent[Tm] (T sender, Tm msg) (at <e1507db7e2374435a673639beda3642e>:0)
Network.MessageDispatch`1[T].Dispatch (T sender, SkillBridge.Message.NetMessageResponse message) (at <e1507db7e2374435a673639beda3642e>:0)
Network.MessageDistributer`1[T].Distribute () (at <e1507db7e2374435a673639beda3642e>:0)
Network.NetClient.ProceeMessage () (at <8b79beeb17c24128925dfced1379b1fe>:0)
Network.NetClient.Update () (at <8b79beeb17c24128925dfced1379b1fe>:0)
}</args></log4net.Error>
2022-06-20 07:30:51,960 [ 1] INFO  Unity: OnSkillHit : count : 1
2022-06-20 07:30:51,960 [ 1] INFO  Unity: DoSkillHit : Caster : 2 Skill : 103 Hit : 25 IsBullet : False
2022-06-20 07:30:51,960 [ 1] INFO  Unity: DoDamage : Grim Reaper DMG : 1 CRIT : False
2022-06-20 07:30:51,962 [ 1] FATAL Unity: <log4net.Error>Exception during StringFormat: Input string was not in a correct format. <format>{0
{1}</format><args>{NullReferenceException: Object reference not set to an instance of an object, EntityController.PlayAnim (System.String name) (at <8b79beeb17c24128925dfced1379b1fe>:0)
Entities.Creature.PlayAnim (System.String name) (at <8b79beeb17c24128925dfced1379b1fe>:0)
Entities.Creature.DoDamage (SkillBridge.Message.NDamageInfo damage, System.Boolean playHurt) (at <8b79beeb17c24128925dfced1379b1fe>:0)
Battle.Skill.DoHitDamages (System.Collections.Generic.List`1[T] damages) (at <8b79beeb17c24128925dfced1379b1fe>:0)
Battle.Skill.DoHit (System.Int32 hitId, System.Collections.Generic.List`1[T] damages) (at <8b79beeb17c24128925dfced1379b1fe>:0)
Battle.Skill.DoHit (SkillBridge.Message.NSkillHitInfo hit) (at <8b79beeb17c24128925dfced1379b1fe>:0)
Entities.Creature.DoSkillHit (SkillBridge.Message.NSkillHitInfo hit) (at <8b79beeb17c24128925dfced1379b1fe>:0)
Services.BattleService.OnSkillHit (System.Object sender, SkillBridge.Message.SkillHitResponse message) (at <8b79beeb17c24128925dfced1379b1fe>:0)
Network.MessageDistributer`1[T].RaiseEvent[Tm] (T sender, Tm msg) (at <e1507db7e2374435a673639beda3642e>:0)
Network.MessageDispatch`1[T].Dispatch (T sender, SkillBridge.Message.NetMessageResponse message) (at <e1507db7e2374435a673639beda3642e>:0)
Network.MessageDistributer`1[T].Distribute () (at <e1507db7e2374435a673639beda3642e>:0)
Network.NetClient.ProceeMessage () (at <8b79beeb17c24128925dfced1379b1fe>:0)
Network.NetClient.Update () (at <8b79beeb17c24128925dfced1379b1fe>:0)
}</args></log4net.Error>
2022-06-20 07:30:52,081 [ 1] INFO  Unity: OnSkillHit : count : 1
2022-06-20 07:30:52,081 [ 1] INFO  Unity: DoSkillHit : Caster : 2 Skill : 103 Hit : 26 IsBullet : False
2022-06-20 07:30:52,081 [ 1] INFO  Unity: DoDamage : Grim Reaper DMG : 1 CRIT : False
2022-06-20 07:30:52,082 [ 1] FATAL Unity: <log4net.Error>Exception during StringFormat: Input string was not in a correct format. <format>{0
{1}</format><args>{NullReferenceException: Object reference not set to an instance of an object, EntityController.PlayAnim (System.String name) (at <8b79beeb17c24128925dfced1379b1fe>:0)
Entities.Creature.PlayAnim (System.String name) (at <8b79beeb17c24128925dfced1379b1fe>:0)
Entities.Creature.DoDamage (SkillBridge.Message.NDamageInfo damage, System.Boolean playHurt) (at <8b79beeb17c24128925dfced1379b1fe>:0)
Battle.Skill.DoHitDamages (System.Collections.Generic.List`1[T] damages) (at <8b79beeb17c24128925dfced1379b1fe>:0)
Battle.Skill.DoHit (System.Int32 hitId, System.Collections.Generic.List`1[T] damages) (at <8b79beeb17c24128925dfced1379b1fe>:0)
Battle.Skill.DoHit (SkillBridge.Message.NSkillHitInfo hit) (at <8b79beeb17c24128925dfced1379b1fe>:0)
Entities.Creature.DoSkillHit (SkillBridge.Message.NSkillHitInfo hit) (at <8b79beeb17c24128925dfced1379b1fe>:0)
Services.BattleService.OnSkillHit (System.Object sender, SkillBridge.Message.SkillHitResponse message) (at <8b79beeb17c24128925dfced1379b1fe>:0)
Network.MessageDistributer`1[T].RaiseEvent[Tm] (T sender, Tm msg) (at <e1507db7e2374435a673639beda3642e>:0)
Network.MessageDispatch`1[T].Dispatch (T sender, SkillBridge.Message.NetMessageResponse message) (at <e1507db7e2374435a673639beda3642e>:0)
Network.MessageDistributer`1[T].Distribute () (at <e1507db7e2374435a673639beda3642e>:0)
Network.NetClient.ProceeMessage () (at <8b79beeb17c24128925dfced1379b1fe>:0)
Network.NetClient.Update () (at <8b79beeb17c24128925dfced1379b1fe>:0)
}</args></log4net.Error>
2022-06-20 07:30:52,195 [ 1] INFO  Unity: OnSkillHit : count : 1
2022-06-20 07:30:52,196 [ 1] INFO  Unity: DoSkillHit : Caster : 2 Skill : 103 Hit : 27 IsBullet : False
2022-06-20 07:30:52,196 [ 1] INFO  Unity: DoDamage : Grim Reaper DMG : 1 CRIT : False
2022-06-20 07:30:52,197 [ 1] FATAL Unity: <log4net.Error>Exception during StringFormat: Input string was not in a correct format. <format>{0
{1}</format><args>{NullReferenceException: Object reference not set to an instance of an object, EntityController.PlayAnim (System.String name) (at <8b79beeb17c24128925dfced1379b1fe>:0)
Entities.Creature.PlayAnim (System.String name) (at <8b79beeb17c24128925dfced1379b1fe>:0)
Entities.Creature.DoDamage (SkillBridge.Message.NDamageInfo damage, System.Boolean playHurt) (at <8b79beeb17c24128925dfced1379b1fe>:0)
Battle.Skill.DoHitDamages (System.Collections.Generic.List`1[T] damages) (at <8b79beeb17c24128925dfced1379b1fe>:0)
Battle.Skill.DoHit (System.Int32 hitId, System.Collections.Generic.List`1[T] damages) (at <8b79beeb17c24128925dfced1379b1fe>:0)
Battle.Skill.DoHit (SkillBridge.Message.NSkillHitInfo hit) (at <8b79beeb17c24128925dfced1379b1fe>:0)
Entities.Creature.DoSkillHit (SkillBridge.Message.NSkillHitInfo hit) (at <8b79beeb17c24128925dfced1379b1fe>:0)
Services.BattleService.OnSkillHit (System.Object sender, SkillBridge.Message.SkillHitResponse message) (at <8b79beeb17c24128925dfced1379b1fe>:0)
Network.MessageDistributer`1[T].RaiseEvent[Tm] (T sender, Tm msg) (at <e1507db7e2374435a673639beda3642e>:0)
Network.MessageDispatch`1[T].Dispatch (T sender, SkillBridge.Message.NetMessageResponse message) (at <e1507db7e2374435a673639beda3642e>:0)
Network.MessageDistributer`1[T].Distribute () (at <e1507db7e2374435a673639beda3642e>:0)
Network.NetClient.ProceeMessage () (at <8b79beeb17c24128925dfced1379b1fe>:0)
Network.NetClient.Update () (at <8b79beeb17c24128925dfced1379b1fe>:0)
}</args></log4net.Error>
2022-06-20 07:30:52,317 [ 1] INFO  Unity: OnSkillHit : count : 1
2022-06-20 07:30:52,318 [ 1] INFO  Unity: DoSkillHit : Caster : 2 Skill : 103 Hit : 28 IsBullet : False
2022-06-20 07:30:52,318 [ 1] INFO  Unity: DoDamage : Grim Reaper DMG : 1 CRIT : False
2022-06-20 07:30:52,319 [ 1] FATAL Unity: <log4net.Error>Exception during StringFormat: Input string was not in a correct format. <format>{0
{1}</format><args>{NullReferenceException: Object reference not set to an instance of an object, EntityController.PlayAnim (System.String name) (at <8b79beeb17c24128925dfced1379b1fe>:0)
Entities.Creature.PlayAnim (System.String name) (at <8b79beeb17c24128925dfced1379b1fe>:0)
Entities.Creature.DoDamage (SkillBridge.Message.NDamageInfo damage, System.Boolean playHurt) (at <8b79beeb17c24128925dfced1379b1fe>:0)
Battle.Skill.DoHitDamages (System.Collections.Generic.List`1[T] damages) (at <8b79beeb17c24128925dfced1379b1fe>:0)
Battle.Skill.DoHit (System.Int32 hitId, System.Collections.Generic.List`1[T] damages) (at <8b79beeb17c24128925dfced1379b1fe>:0)
Battle.Skill.DoHit (SkillBridge.Message.NSkillHitInfo hit) (at <8b79beeb17c24128925dfced1379b1fe>:0)
Entities.Creature.DoSkillHit (SkillBridge.Message.NSkillHitInfo hit) (at <8b79beeb17c24128925dfced1379b1fe>:0)
Services.BattleService.OnSkillHit (System.Object sender, SkillBridge.Message.SkillHitResponse message) (at <8b79beeb17c24128925dfced1379b1fe>:0)
Network.MessageDistributer`1[T].RaiseEvent[Tm] (T sender, Tm msg) (at <e1507db7e2374435a673639beda3642e>:0)
Network.MessageDispatch`1[T].Dispatch (T sender, SkillBridge.Message.NetMessageResponse message) (at <e1507db7e2374435a673639beda3642e>:0)
Network.MessageDistributer`1[T].Distribute () (at <e1507db7e2374435a673639beda3642e>:0)
Network.NetClient.ProceeMessage () (at <8b79beeb17c24128925dfced1379b1fe>:0)
Network.NetClient.Update () (at <8b79beeb17c24128925dfced1379b1fe>:0)
}</args></log4net.Error>
2022-06-20 07:30:52,423 [ 1] INFO  Unity: OnSkillHit : count : 1
2022-06-20 07:30:52,423 [ 1] INFO  Unity: DoSkillHit : Caster : 2 Skill : 103 Hit : 29 IsBullet : False
2022-06-20 07:30:52,423 [ 1] INFO  Unity: DoDamage : Grim Reaper DMG : 1 CRIT : False
2022-06-20 07:30:52,424 [ 1] FATAL Unity: <log4net.Error>Exception during StringFormat: Input string was not in a correct format. <format>{0
{1}</format><args>{NullReferenceException: Object reference not set to an instance of an object, EntityController.PlayAnim (System.String name) (at <8b79beeb17c24128925dfced1379b1fe>:0)
Entities.Creature.PlayAnim (System.String name) (at <8b79beeb17c24128925dfced1379b1fe>:0)
Entities.Creature.DoDamage (SkillBridge.Message.NDamageInfo damage, System.Boolean playHurt) (at <8b79beeb17c24128925dfced1379b1fe>:0)
Battle.Skill.DoHitDamages (System.Collections.Generic.List`1[T] damages) (at <8b79beeb17c24128925dfced1379b1fe>:0)
Battle.Skill.DoHit (System.Int32 hitId, System.Collections.Generic.List`1[T] damages) (at <8b79beeb17c24128925dfced1379b1fe>:0)
Battle.Skill.DoHit (SkillBridge.Message.NSkillHitInfo hit) (at <8b79beeb17c24128925dfced1379b1fe>:0)
Entities.Creature.DoSkillHit (SkillBridge.Message.NSkillHitInfo hit) (at <8b79beeb17c24128925dfced1379b1fe>:0)
Services.BattleService.OnSkillHit (System.Object sender, SkillBridge.Message.SkillHitResponse message) (at <8b79beeb17c24128925dfced1379b1fe>:0)
Network.MessageDistributer`1[T].RaiseEvent[Tm] (T sender, Tm msg) (at <e1507db7e2374435a673639beda3642e>:0)
Network.MessageDispatch`1[T].Dispatch (T sender, SkillBridge.Message.NetMessageResponse message) (at <e1507db7e2374435a673639beda3642e>:0)
Network.MessageDistributer`1[T].Distribute () (at <e1507db7e2374435a673639beda3642e>:0)
Network.NetClient.ProceeMessage () (at <8b79beeb17c24128925dfced1379b1fe>:0)
Network.NetClient.Update () (at <8b79beeb17c24128925dfced1379b1fe>:0)
}</args></log4net.Error>
2022-06-20 07:30:52,546 [ 1] INFO  Unity: OnSkillHit : count : 1
2022-06-20 07:30:52,546 [ 1] INFO  Unity: DoSkillHit : Caster : 2 Skill : 103 Hit : 30 IsBullet : False
2022-06-20 07:30:52,546 [ 1] INFO  Unity: DoDamage : Grim Reaper DMG : 1 CRIT : False
2022-06-20 07:30:52,547 [ 1] FATAL Unity: <log4net.Error>Exception during StringFormat: Input string was not in a correct format. <format>{0
{1}</format><args>{NullReferenceException: Object reference not set to an instance of an object, EntityController.PlayAnim (System.String name) (at <8b79beeb17c24128925dfced1379b1fe>:0)
Entities.Creature.PlayAnim (System.String name) (at <8b79beeb17c24128925dfced1379b1fe>:0)
Entities.Creature.DoDamage (SkillBridge.Message.NDamageInfo damage, System.Boolean playHurt) (at <8b79beeb17c24128925dfced1379b1fe>:0)
Battle.Skill.DoHitDamages (System.Collections.Generic.List`1[T] damages) (at <8b79beeb17c24128925dfced1379b1fe>:0)
Battle.Skill.DoHit (System.Int32 hitId, System.Collections.Generic.List`1[T] damages) (at <8b79beeb17c24128925dfced1379b1fe>:0)
Battle.Skill.DoHit (SkillBridge.Message.NSkillHitInfo hit) (at <8b79beeb17c24128925dfced1379b1fe>:0)
Entities.Creature.DoSkillHit (SkillBridge.Message.NSkillHitInfo hit) (at <8b79beeb17c24128925dfced1379b1fe>:0)
Services.BattleService.OnSkillHit (System.Object sender, SkillBridge.Message.SkillHitResponse message) (at <8b79beeb17c24128925dfced1379b1fe>:0)
Network.MessageDistributer`1[T].RaiseEvent[Tm] (T sender, Tm msg) (at <e1507db7e2374435a673639beda3642e>:0)
Network.MessageDispatch`1[T].Dispatch (T sender, SkillBridge.Message.NetMessageResponse message) (at <e1507db7e2374435a673639beda3642e>:0)
Network.MessageDistributer`1[T].Distribute () (at <e1507db7e2374435a673639beda3642e>:0)
Network.NetClient.ProceeMessage () (at <8b79beeb17c24128925dfced1379b1fe>:0)
Network.NetClient.Update () (at <8b79beeb17c24128925dfced1379b1fe>:0)
}</args></log4net.Error>
2022-06-20 07:30:52,654 [ 1] INFO  Unity: Skill [Skill2].UpdateSkill Finish
2022-06-20 07:30:52,666 [ 1] INFO  Unity: OnBuff : count : 3
2022-06-20 07:30:52,666 [ 1] INFO  Unity:    Buff : 6 : 3 [Hit]
2022-06-20 07:30:52,666 [ 1] INFO  Unity: DoDamage : Grim Reaper DMG : 1 CRIT : False
2022-06-20 07:30:52,676 [ 1] INFO  Unity:    Buff : 15 : 3 [Hit]
2022-06-20 07:30:52,676 [ 1] INFO  Unity: DoDamage : Grim Reaper DMG : 1 CRIT : False
2022-06-20 07:30:52,677 [ 1] INFO  Unity:    Buff : 24 : 3 [Hit]
2022-06-20 07:30:52,677 [ 1] INFO  Unity: DoDamage : Grim Reaper DMG : 1 CRIT : False
2022-06-20 07:30:52,774 [ 1] INFO  Unity: OnBuff : count : 3
2022-06-20 07:30:52,774 [ 1] INFO  Unity:    Buff : 7 : 3 [Hit]
2022-06-20 07:30:52,774 [ 1] INFO  Unity: DoDamage : Grim Reaper DMG : 1 CRIT : False
2022-06-20 07:30:52,775 [ 1] INFO  Unity:    Buff : 16 : 3 [Hit]
2022-06-20 07:30:52,775 [ 1] INFO  Unity: DoDamage : Grim Reaper DMG : 1 CRIT : False
2022-06-20 07:30:52,775 [ 1] INFO  Unity:    Buff : 25 : 3 [Hit]
2022-06-20 07:30:52,775 [ 1] INFO  Unity: DoDamage : Grim Reaper DMG : 1 CRIT : False
2022-06-20 07:30:52,882 [ 1] INFO  Unity: OnBuff : count : 3
2022-06-20 07:30:52,883 [ 1] INFO  Unity:    Buff : 8 : 3 [Hit]
2022-06-20 07:30:52,883 [ 1] INFO  Unity: DoDamage : Grim Reaper DMG : 1 CRIT : False
2022-06-20 07:30:52,883 [ 1] INFO  Unity:    Buff : 17 : 3 [Hit]
2022-06-20 07:30:52,883 [ 1] INFO  Unity: DoDamage : Grim Reaper DMG : 1 CRIT : False
2022-06-20 07:30:52,883 [ 1] INFO  Unity:    Buff : 26 : 3 [Hit]
2022-06-20 07:30:52,883 [ 1] INFO  Unity: DoDamage : Grim Reaper DMG : 1 CRIT : False
2022-06-20 07:30:52,991 [ 1] INFO  Unity: OnBuff : count : 3
2022-06-20 07:30:52,991 [ 1] INFO  Unity:    Buff : 9 : 3 [Hit]
2022-06-20 07:30:52,991 [ 1] INFO  Unity: DoDamage : Grim Reaper DMG : 1 CRIT : False
2022-06-20 07:30:52,992 [ 1] INFO  Unity:    Buff : 18 : 3 [Hit]
2022-06-20 07:30:52,992 [ 1] INFO  Unity: DoDamage : Grim Reaper DMG : 1 CRIT : False
2022-06-20 07:30:52,992 [ 1] INFO  Unity:    Buff : 27 : 3 [Hit]
2022-06-20 07:30:52,992 [ 1] INFO  Unity: DoDamage : Grim Reaper DMG : 1 CRIT : False
2022-06-20 07:30:53,103 [ 1] INFO  Unity: OnBuff : count : 4
2022-06-20 07:30:53,103 [ 1] INFO  Unity:    Buff : 1 : 3 [Hit]
2022-06-20 07:30:53,103 [ 1] INFO  Unity: DoDamage : Grim Reaper DMG : 1 CRIT : False
2022-06-20 07:30:53,103 [ 1] INFO  Unity:    Buff : 10 : 3 [Hit]
2022-06-20 07:30:53,103 [ 1] INFO  Unity: DoDamage : Grim Reaper DMG : 1 CRIT : False
2022-06-20 07:30:53,103 [ 1] INFO  Unity:    Buff : 19 : 3 [Hit]
2022-06-20 07:30:53,103 [ 1] INFO  Unity: DoDamage : Grim Reaper DMG : 1 CRIT : False
2022-06-20 07:30:53,104 [ 1] INFO  Unity:    Buff : 28 : 3 [Hit]
2022-06-20 07:30:53,104 [ 1] INFO  Unity: DoDamage : Grim Reaper DMG : 1 CRIT : False
2022-06-20 07:30:53,210 [ 1] INFO  Unity: OnBuff : count : 4
2022-06-20 07:30:53,210 [ 1] INFO  Unity:    Buff : 2 : 3 [Hit]
2022-06-20 07:30:53,210 [ 1] INFO  Unity: DoDamage : Grim Reaper DMG : 1 CRIT : False
2022-06-20 07:30:53,210 [ 1] INFO  Unity:    Buff : 11 : 3 [Hit]
2022-06-20 07:30:53,210 [ 1] INFO  Unity: DoDamage : Grim Reaper DMG : 1 CRIT : False
2022-06-20 07:30:53,210 [ 1] INFO  Unity:    Buff : 20 : 3 [Hit]
2022-06-20 07:30:53,211 [ 1] INFO  Unity: DoDamage : Grim Reaper DMG : 1 CRIT : False
2022-06-20 07:30:53,211 [ 1] INFO  Unity:    Buff : 29 : 3 [Hit]
2022-06-20 07:30:53,211 [ 1] INFO  Unity: DoDamage : Grim Reaper DMG : 1 CRIT : False
2022-06-20 07:30:53,324 [ 1] INFO  Unity: OnBuff : count : 4
2022-06-20 07:30:53,324 [ 1] INFO  Unity:    Buff : 3 : 3 [Hit]
2022-06-20 07:30:53,324 [ 1] INFO  Unity: DoDamage : Grim Reaper DMG : 1 CRIT : False
2022-06-20 07:30:53,324 [ 1] INFO  Unity:    Buff : 12 : 3 [Hit]
2022-06-20 07:30:53,325 [ 1] INFO  Unity: DoDamage : Grim Reaper DMG : 1 CRIT : False
2022-06-20 07:30:53,325 [ 1] INFO  Unity:    Buff : 21 : 3 [Hit]
2022-06-20 07:30:53,325 [ 1] INFO  Unity: DoDamage : Grim Reaper DMG : 1 CRIT : False
2022-06-20 07:30:53,325 [ 1] INFO  Unity:    Buff : 30 : 3 [Hit]
2022-06-20 07:30:53,325 [ 1] INFO  Unity: DoDamage : Grim Reaper DMG : 1 CRIT : False
2022-06-20 07:30:53,431 [ 1] INFO  Unity: OnBuff : count : 4
2022-06-20 07:30:53,431 [ 1] INFO  Unity:    Buff : 4 : 3 [Hit]
2022-06-20 07:30:53,431 [ 1] INFO  Unity: DoDamage : Grim Reaper DMG : 1 CRIT : False
2022-06-20 07:30:53,431 [ 1] INFO  Unity:    Buff : 13 : 3 [Hit]
2022-06-20 07:30:53,431 [ 1] INFO  Unity: DoDamage : Grim Reaper DMG : 1 CRIT : False
2022-06-20 07:30:53,432 [ 1] INFO  Unity:    Buff : 22 : 3 [Hit]
2022-06-20 07:30:53,432 [ 1] INFO  Unity: DoDamage : Grim Reaper DMG : 1 CRIT : False
2022-06-20 07:30:53,432 [ 1] INFO  Unity:    Buff : 31 : 3 [Hit]
2022-06-20 07:30:53,432 [ 1] INFO  Unity: DoDamage : Grim Reaper DMG : 1 CRIT : False
2022-06-20 07:30:53,538 [ 1] INFO  Unity: OnBuff : count : 3
2022-06-20 07:30:53,538 [ 1] INFO  Unity:    Buff : 5 : 3 [Hit]
2022-06-20 07:30:53,538 [ 1] INFO  Unity: DoDamage : Grim Reaper DMG : 1 CRIT : False
2022-06-20 07:30:53,538 [ 1] INFO  Unity:    Buff : 14 : 3 [Hit]
2022-06-20 07:30:53,538 [ 1] INFO  Unity: DoDamage : Grim Reaper DMG : 1 CRIT : False
2022-06-20 07:30:53,539 [ 1] INFO  Unity:    Buff : 23 : 3 [Hit]
2022-06-20 07:30:53,539 [ 1] INFO  Unity: DoDamage : Grim Reaper DMG : 1 CRIT : False
2022-06-20 07:30:53,648 [ 1] INFO  Unity: OnBuff : count : 3
2022-06-20 07:30:53,648 [ 1] INFO  Unity:    Buff : 6 : 3 [Hit]
2022-06-20 07:30:53,648 [ 1] INFO  Unity: DoDamage : Grim Reaper DMG : 1 CRIT : False
2022-06-20 07:30:53,648 [ 1] INFO  Unity:    Buff : 15 : 3 [Hit]
2022-06-20 07:30:53,648 [ 1] INFO  Unity: DoDamage : Grim Reaper DMG : 1 CRIT : False
2022-06-20 07:30:53,648 [ 1] INFO  Unity:    Buff : 24 : 3 [Hit]
2022-06-20 07:30:53,648 [ 1] INFO  Unity: DoDamage : Grim Reaper DMG : 1 CRIT : False
2022-06-20 07:30:53,754 [ 1] INFO  Unity: OnBuff : count : 3
2022-06-20 07:30:53,754 [ 1] INFO  Unity:    Buff : 7 : 3 [Hit]
2022-06-20 07:30:53,754 [ 1] INFO  Unity: DoDamage : Grim Reaper DMG : 1 CRIT : False
2022-06-20 07:30:53,755 [ 1] INFO  Unity:    Buff : 16 : 3 [Hit]
2022-06-20 07:30:53,755 [ 1] INFO  Unity: DoDamage : Grim Reaper DMG : 1 CRIT : False
2022-06-20 07:30:53,755 [ 1] INFO  Unity:    Buff : 25 : 3 [Hit]
2022-06-20 07:30:53,755 [ 1] INFO  Unity: DoDamage : Grim Reaper DMG : 1 CRIT : False
2022-06-20 07:30:53,865 [ 1] INFO  Unity: OnBuff : count : 3
2022-06-20 07:30:53,865 [ 1] INFO  Unity:    Buff : 8 : 3 [Hit]
2022-06-20 07:30:53,865 [ 1] INFO  Unity: DoDamage : Grim Reaper DMG : 1 CRIT : False
2022-06-20 07:30:53,865 [ 1] INFO  Unity:    Buff : 17 : 3 [Hit]
2022-06-20 07:30:53,865 [ 1] INFO  Unity: DoDamage : Grim Reaper DMG : 1 CRIT : False
2022-06-20 07:30:53,865 [ 1] INFO  Unity:    Buff : 26 : 3 [Hit]
2022-06-20 07:30:53,866 [ 1] INFO  Unity: DoDamage : Grim Reaper DMG : 1 CRIT : False
2022-06-20 07:30:53,973 [ 1] INFO  Unity: OnBuff : count : 3
2022-06-20 07:30:53,973 [ 1] INFO  Unity:    Buff : 9 : 3 [Hit]
2022-06-20 07:30:53,973 [ 1] INFO  Unity: DoDamage : Grim Reaper DMG : 1 CRIT : False
2022-06-20 07:30:53,974 [ 1] INFO  Unity:    Buff : 18 : 3 [Hit]
2022-06-20 07:30:53,974 [ 1] INFO  Unity: DoDamage : Grim Reaper DMG : 1 CRIT : False
2022-06-20 07:30:53,974 [ 1] INFO  Unity:    Buff : 27 : 3 [Hit]
2022-06-20 07:30:53,974 [ 1] INFO  Unity: DoDamage : Grim Reaper DMG : 1 CRIT : False
2022-06-20 07:30:54,082 [ 1] INFO  Unity: OnBuff : count : 5
2022-06-20 07:30:54,082 [ 1] INFO  Unity:    Buff : 1 : 3 [Hit]
2022-06-20 07:30:54,082 [ 1] INFO  Unity: DoDamage : Grim Reaper DMG : 1 CRIT : False
2022-06-20 07:30:54,082 [ 1] INFO  Unity:    Buff : 1 : 3 [Remove]
2022-06-20 07:30:54,083 [ 1] INFO  Unity:    Buff : 10 : 3 [Hit]
2022-06-20 07:30:54,083 [ 1] INFO  Unity: DoDamage : Grim Reaper DMG : 1 CRIT : False
2022-06-20 07:30:54,083 [ 1] INFO  Unity:    Buff : 19 : 3 [Hit]
2022-06-20 07:30:54,083 [ 1] INFO  Unity: DoDamage : Grim Reaper DMG : 1 CRIT : False
2022-06-20 07:30:54,083 [ 1] INFO  Unity:    Buff : 28 : 3 [Hit]
2022-06-20 07:30:54,083 [ 1] INFO  Unity: DoDamage : Grim Reaper DMG : 1 CRIT : False
2022-06-20 07:30:54,191 [ 1] INFO  Unity: OnBuff : count : 5
2022-06-20 07:30:54,191 [ 1] INFO  Unity:    Buff : 2 : 3 [Hit]
2022-06-20 07:30:54,191 [ 1] INFO  Unity: DoDamage : Grim Reaper DMG : 1 CRIT : False
2022-06-20 07:30:54,192 [ 1] INFO  Unity:    Buff : 2 : 3 [Remove]
2022-06-20 07:30:54,192 [ 1] INFO  Unity:    Buff : 11 : 3 [Hit]
2022-06-20 07:30:54,192 [ 1] INFO  Unity: DoDamage : Grim Reaper DMG : 1 CRIT : False
2022-06-20 07:30:54,192 [ 1] INFO  Unity:    Buff : 20 : 3 [Hit]
2022-06-20 07:30:54,192 [ 1] INFO  Unity: DoDamage : Grim Reaper DMG : 1 CRIT : False
2022-06-20 07:30:54,192 [ 1] INFO  Unity:    Buff : 29 : 3 [Hit]
2022-06-20 07:30:54,193 [ 1] INFO  Unity: DoDamage : Grim Reaper DMG : 1 CRIT : False
2022-06-20 07:30:54,301 [ 1] INFO  Unity: OnBuff : count : 4
2022-06-20 07:30:54,301 [ 1] INFO  Unity:    Buff : 3 : 3 [Hit]
2022-06-20 07:30:54,301 [ 1] INFO  Unity: DoDamage : Grim Reaper DMG : 1 CRIT : False
2022-06-20 07:30:54,301 [ 1] INFO  Unity:    Buff : 3 : 3 [Remove]
2022-06-20 07:30:54,301 [ 1] INFO  Unity:    Buff : 12 : 3 [Hit]
2022-06-20 07:30:54,302 [ 1] INFO  Unity: DoDamage : Grim Reaper DMG : 1 CRIT : False
2022-06-20 07:30:54,302 [ 1] INFO  Unity:    Buff : 21 : 3 [Hit]
2022-06-20 07:30:54,302 [ 1] INFO  Unity: DoDamage : Grim Reaper DMG : 1 CRIT : False
2022-06-20 07:30:54,411 [ 1] INFO  Unity: OnBuff : count : 5
2022-06-20 07:30:54,411 [ 1] INFO  Unity:    Buff : 4 : 3 [Hit]
2022-06-20 07:30:54,411 [ 1] INFO  Unity: DoDamage : Grim Reaper DMG : 1 CRIT : False
2022-06-20 07:30:54,411 [ 1] INFO  Unity:    Buff : 4 : 3 [Remove]
2022-06-20 07:30:54,411 [ 1] INFO  Unity:    Buff : 13 : 3 [Hit]
2022-06-20 07:30:54,411 [ 1] INFO  Unity: DoDamage : Grim Reaper DMG : 1 CRIT : False
2022-06-20 07:30:54,411 [ 1] INFO  Unity:    Buff : 22 : 3 [Hit]
2022-06-20 07:30:54,411 [ 1] INFO  Unity: DoDamage : Grim Reaper DMG : 1 CRIT : False
2022-06-20 07:30:54,412 [ 1] INFO  Unity:    Buff : 30 : 3 [Hit]
2022-06-20 07:30:54,412 [ 1] INFO  Unity: DoDamage : Grim Reaper DMG : 1 CRIT : False
2022-06-20 07:30:54,517 [ 1] INFO  Unity: OnBuff : count : 5
2022-06-20 07:30:54,518 [ 1] INFO  Unity:    Buff : 5 : 3 [Hit]
2022-06-20 07:30:54,518 [ 1] INFO  Unity: DoDamage : Grim Reaper DMG : 1 CRIT : False
2022-06-20 07:30:54,518 [ 1] INFO  Unity:    Buff : 5 : 3 [Remove]
2022-06-20 07:30:54,518 [ 1] INFO  Unity:    Buff : 14 : 3 [Hit]
2022-06-20 07:30:54,518 [ 1] INFO  Unity: DoDamage : Grim Reaper DMG : 1 CRIT : False
2022-06-20 07:30:54,518 [ 1] INFO  Unity:    Buff : 23 : 3 [Hit]
2022-06-20 07:30:54,518 [ 1] INFO  Unity: DoDamage : Grim Reaper DMG : 1 CRIT : False
2022-06-20 07:30:54,519 [ 1] INFO  Unity:    Buff : 31 : 3 [Hit]
2022-06-20 07:30:54,519 [ 1] INFO  Unity: DoDamage : Grim Reaper DMG : 1 CRIT : False
2022-06-20 07:30:54,620 [ 1] INFO  Unity: OnBuff : count : 4
2022-06-20 07:30:54,621 [ 1] INFO  Unity:    Buff : 6 : 3 [Hit]
2022-06-20 07:30:54,621 [ 1] INFO  Unity: DoDamage : Grim Reaper DMG : 1 CRIT : False
2022-06-20 07:30:54,621 [ 1] INFO  Unity:    Buff : 6 : 3 [Remove]
2022-06-20 07:30:54,621 [ 1] INFO  Unity:    Buff : 15 : 3 [Hit]
2022-06-20 07:30:54,621 [ 1] INFO  Unity: DoDamage : Grim Reaper DMG : 1 CRIT : False
2022-06-20 07:30:54,622 [ 1] INFO  Unity:    Buff : 24 : 3 [Hit]
2022-06-20 07:30:54,622 [ 1] INFO  Unity: DoDamage : Grim Reaper DMG : 1 CRIT : False
2022-06-20 07:30:54,730 [ 1] INFO  Unity: OnBuff : count : 4
2022-06-20 07:30:54,730 [ 1] INFO  Unity:    Buff : 7 : 3 [Hit]
2022-06-20 07:30:54,731 [ 1] INFO  Unity: DoDamage : Grim Reaper DMG : 1 CRIT : False
2022-06-20 07:30:54,731 [ 1] INFO  Unity:    Buff : 7 : 3 [Remove]
2022-06-20 07:30:54,731 [ 1] INFO  Unity:    Buff : 16 : 3 [Hit]
2022-06-20 07:30:54,731 [ 1] INFO  Unity: DoDamage : Grim Reaper DMG : 1 CRIT : False
2022-06-20 07:30:54,731 [ 1] INFO  Unity:    Buff : 25 : 3 [Hit]
2022-06-20 07:30:54,731 [ 1] INFO  Unity: DoDamage : Grim Reaper DMG : 1 CRIT : False
2022-06-20 07:30:54,840 [ 1] INFO  Unity: OnBuff : count : 4
2022-06-20 07:30:54,840 [ 1] INFO  Unity:    Buff : 8 : 3 [Hit]
2022-06-20 07:30:54,840 [ 1] INFO  Unity: DoDamage : Grim Reaper DMG : 1 CRIT : False
2022-06-20 07:30:54,841 [ 1] INFO  Unity:    Buff : 8 : 3 [Remove]
2022-06-20 07:30:54,841 [ 1] INFO  Unity:    Buff : 17 : 3 [Hit]
2022-06-20 07:30:54,841 [ 1] INFO  Unity: DoDamage : Grim Reaper DMG : 1 CRIT : False
2022-06-20 07:30:54,841 [ 1] INFO  Unity:    Buff : 26 : 3 [Hit]
2022-06-20 07:30:54,841 [ 1] INFO  Unity: DoDamage : Grim Reaper DMG : 1 CRIT : False
2022-06-20 07:30:54,954 [ 1] INFO  Unity: OnBuff : count : 4
2022-06-20 07:30:54,954 [ 1] INFO  Unity:    Buff : 9 : 3 [Hit]
2022-06-20 07:30:54,954 [ 1] INFO  Unity: DoDamage : Grim Reaper DMG : 1 CRIT : False
2022-06-20 07:30:54,954 [ 1] INFO  Unity:    Buff : 9 : 3 [Remove]
2022-06-20 07:30:54,955 [ 1] INFO  Unity:    Buff : 18 : 3 [Hit]
2022-06-20 07:30:54,955 [ 1] INFO  Unity: DoDamage : Grim Reaper DMG : 1 CRIT : False
2022-06-20 07:30:54,955 [ 1] INFO  Unity:    Buff : 27 : 3 [Hit]
2022-06-20 07:30:54,955 [ 1] INFO  Unity: DoDamage : Grim Reaper DMG : 1 CRIT : False
2022-06-20 07:30:55,057 [ 1] INFO  Unity: OnBuff : count : 3
2022-06-20 07:30:55,057 [ 1] INFO  Unity:    Buff : 10 : 3 [Hit]
2022-06-20 07:30:55,057 [ 1] INFO  Unity: DoDamage : Grim Reaper DMG : 1 CRIT : False
2022-06-20 07:30:55,057 [ 1] INFO  Unity:    Buff : 10 : 3 [Remove]
2022-06-20 07:30:55,058 [ 1] INFO  Unity:    Buff : 19 : 3 [Hit]
2022-06-20 07:30:55,058 [ 1] INFO  Unity: DoDamage : Grim Reaper DMG : 1 CRIT : False
2022-06-20 07:30:55,169 [ 1] INFO  Unity: OnBuff : count : 2
2022-06-20 07:30:55,169 [ 1] INFO  Unity:    Buff : 20 : 3 [Hit]
2022-06-20 07:30:55,170 [ 1] INFO  Unity: DoDamage : Grim Reaper DMG : 1 CRIT : False
2022-06-20 07:30:55,170 [ 1] INFO  Unity:    Buff : 28 : 3 [Hit]
2022-06-20 07:30:55,170 [ 1] INFO  Unity: DoDamage : Grim Reaper DMG : 1 CRIT : False
2022-06-20 07:30:55,276 [ 1] INFO  Unity: OnBuff : count : 6
2022-06-20 07:30:55,276 [ 1] INFO  Unity:    Buff : 11 : 3 [Hit]
2022-06-20 07:30:55,276 [ 1] INFO  Unity: DoDamage : Grim Reaper DMG : 1 CRIT : False
2022-06-20 07:30:55,276 [ 1] INFO  Unity:    Buff : 11 : 3 [Remove]
2022-06-20 07:30:55,277 [ 1] INFO  Unity:    Buff : 12 : 3 [Hit]
2022-06-20 07:30:55,277 [ 1] INFO  Unity: DoDamage : Grim Reaper DMG : 1 CRIT : False
2022-06-20 07:30:55,277 [ 1] INFO  Unity:    Buff : 12 : 3 [Remove]
2022-06-20 07:30:55,277 [ 1] INFO  Unity:    Buff : 21 : 3 [Hit]
2022-06-20 07:30:55,277 [ 1] INFO  Unity: DoDamage : Grim Reaper DMG : 1 CRIT : False
2022-06-20 07:30:55,277 [ 1] INFO  Unity:    Buff : 29 : 3 [Hit]
2022-06-20 07:30:55,277 [ 1] INFO  Unity: DoDamage : Grim Reaper DMG : 1 CRIT : False
2022-06-20 07:30:55,390 [ 1] INFO  Unity: OnBuff : count : 4
2022-06-20 07:30:55,390 [ 1] INFO  Unity:    Buff : 13 : 3 [Hit]
2022-06-20 07:30:55,390 [ 1] INFO  Unity: DoDamage : Grim Reaper DMG : 1 CRIT : False
2022-06-20 07:30:55,391 [ 1] INFO  Unity:    Buff : 13 : 3 [Remove]
2022-06-20 07:30:55,391 [ 1] INFO  Unity:    Buff : 22 : 3 [Hit]
2022-06-20 07:30:55,391 [ 1] INFO  Unity: DoDamage : Grim Reaper DMG : 1 CRIT : False
2022-06-20 07:30:55,391 [ 1] INFO  Unity:    Buff : 30 : 3 [Hit]
2022-06-20 07:30:55,391 [ 1] INFO  Unity: DoDamage : Grim Reaper DMG : 1 CRIT : False
2022-06-20 07:30:55,508 [ 1] INFO  Unity: OnBuff : count : 2
2022-06-20 07:30:55,508 [ 1] INFO  Unity:    Buff : 23 : 3 [Hit]
2022-06-20 07:30:55,509 [ 1] INFO  Unity: DoDamage : Grim Reaper DMG : 1 CRIT : False
2022-06-20 07:30:55,509 [ 1] INFO  Unity:    Buff : 31 : 3 [Hit]
2022-06-20 07:30:55,509 [ 1] INFO  Unity: DoDamage : Grim Reaper DMG : 1 CRIT : False
2022-06-20 07:30:55,618 [ 1] INFO  Unity: OnBuff : count : 5
2022-06-20 07:30:55,618 [ 1] INFO  Unity:    Buff : 14 : 3 [Hit]
2022-06-20 07:30:55,618 [ 1] INFO  Unity: DoDamage : Grim Reaper DMG : 1 CRIT : False
2022-06-20 07:30:55,618 [ 1] INFO  Unity:    Buff : 14 : 3 [Remove]
2022-06-20 07:30:55,618 [ 1] INFO  Unity:    Buff : 15 : 3 [Hit]
2022-06-20 07:30:55,619 [ 1] INFO  Unity: DoDamage : Grim Reaper DMG : 1 CRIT : False
2022-06-20 07:30:55,619 [ 1] INFO  Unity:    Buff : 15 : 3 [Remove]
2022-06-20 07:30:55,619 [ 1] INFO  Unity:    Buff : 24 : 3 [Hit]
2022-06-20 07:30:55,619 [ 1] INFO  Unity: DoDamage : Grim Reaper DMG : 1 CRIT : False
2022-06-20 07:30:55,723 [ 1] INFO  Unity: OnBuff : count : 3
2022-06-20 07:30:55,723 [ 1] INFO  Unity:    Buff : 16 : 3 [Hit]
2022-06-20 07:30:55,724 [ 1] INFO  Unity: DoDamage : Grim Reaper DMG : 1 CRIT : False
2022-06-20 07:30:55,724 [ 1] INFO  Unity:    Buff : 16 : 3 [Remove]
2022-06-20 07:30:55,724 [ 1] INFO  Unity:    Buff : 25 : 3 [Hit]
2022-06-20 07:30:55,724 [ 1] INFO  Unity: DoDamage : Grim Reaper DMG : 1 CRIT : False
2022-06-20 07:30:55,830 [ 1] INFO  Unity: OnBuff : count : 2
2022-06-20 07:30:55,830 [ 1] INFO  Unity:    Buff : 17 : 3 [Hit]
2022-06-20 07:30:55,830 [ 1] INFO  Unity: DoDamage : Grim Reaper DMG : 1 CRIT : False
2022-06-20 07:30:55,831 [ 1] INFO  Unity:    Buff : 17 : 3 [Remove]
2022-06-20 07:30:55,935 [ 1] INFO  Unity: OnBuff : count : 3
2022-06-20 07:30:55,936 [ 1] INFO  Unity:    Buff : 18 : 3 [Hit]
2022-06-20 07:30:55,936 [ 1] INFO  Unity: DoDamage : Grim Reaper DMG : 1 CRIT : False
2022-06-20 07:30:55,936 [ 1] INFO  Unity:    Buff : 18 : 3 [Remove]
2022-06-20 07:30:55,936 [ 1] INFO  Unity:    Buff : 26 : 3 [Hit]
2022-06-20 07:30:55,936 [ 1] INFO  Unity: DoDamage : Grim Reaper DMG : 1 CRIT : False
2022-06-20 07:30:56,045 [ 1] INFO  Unity: OnBuff : count : 1
2022-06-20 07:30:56,045 [ 1] INFO  Unity:    Buff : 27 : 3 [Hit]
2022-06-20 07:30:56,045 [ 1] INFO  Unity: DoDamage : Grim Reaper DMG : 1 CRIT : False
2022-06-20 07:30:56,152 [ 1] INFO  Unity: OnBuff : count : 3
2022-06-20 07:30:56,152 [ 1] INFO  Unity:    Buff : 19 : 3 [Hit]
2022-06-20 07:30:56,153 [ 1] INFO  Unity: DoDamage : Grim Reaper DMG : 1 CRIT : False
2022-06-20 07:30:56,153 [ 1] INFO  Unity:    Buff : 19 : 3 [Remove]
2022-06-20 07:30:56,153 [ 1] INFO  Unity:    Buff : 28 : 3 [Hit]
2022-06-20 07:30:56,153 [ 1] INFO  Unity: DoDamage : Grim Reaper DMG : 1 CRIT : False
2022-06-20 07:30:56,268 [ 1] INFO  Unity: OnBuff : count : 3
2022-06-20 07:30:56,268 [ 1] INFO  Unity:    Buff : 20 : 3 [Hit]
2022-06-20 07:30:56,268 [ 1] INFO  Unity: DoDamage : Grim Reaper DMG : 1 CRIT : False
2022-06-20 07:30:56,269 [ 1] INFO  Unity:    Buff : 20 : 3 [Remove]
2022-06-20 07:30:56,269 [ 1] INFO  Unity:    Buff : 29 : 3 [Hit]
2022-06-20 07:30:56,269 [ 1] INFO  Unity: DoDamage : Grim Reaper DMG : 1 CRIT : False
2022-06-20 07:30:56,382 [ 1] INFO  Unity: OnBuff : count : 5
2022-06-20 07:30:56,382 [ 1] INFO  Unity:    Buff : 21 : 3 [Hit]
2022-06-20 07:30:56,383 [ 1] INFO  Unity: DoDamage : Grim Reaper DMG : 1 CRIT : False
2022-06-20 07:30:56,383 [ 1] INFO  Unity:    Buff : 21 : 3 [Remove]
2022-06-20 07:30:56,383 [ 1] INFO  Unity:    Buff : 22 : 3 [Hit]
2022-06-20 07:30:56,383 [ 1] INFO  Unity: DoDamage : Grim Reaper DMG : 1 CRIT : False
2022-06-20 07:30:56,383 [ 1] INFO  Unity:    Buff : 22 : 3 [Remove]
2022-06-20 07:30:56,383 [ 1] INFO  Unity:    Buff : 30 : 3 [Hit]
2022-06-20 07:30:56,383 [ 1] INFO  Unity: DoDamage : Grim Reaper DMG : 1 CRIT : False
2022-06-20 07:30:56,492 [ 1] INFO  Unity: OnBuff : count : 3
2022-06-20 07:30:56,492 [ 1] INFO  Unity:    Buff : 23 : 3 [Hit]
2022-06-20 07:30:56,493 [ 1] INFO  Unity: DoDamage : Grim Reaper DMG : 1 CRIT : False
2022-06-20 07:30:56,493 [ 1] INFO  Unity:    Buff : 23 : 3 [Remove]
2022-06-20 07:30:56,493 [ 1] INFO  Unity:    Buff : 31 : 3 [Hit]
2022-06-20 07:30:56,493 [ 1] INFO  Unity: DoDamage : Grim Reaper DMG : 1 CRIT : False
2022-06-20 07:30:56,701 [ 1] INFO  Unity: OnBuff : count : 2
2022-06-20 07:30:56,701 [ 1] INFO  Unity:    Buff : 24 : 3 [Hit]
2022-06-20 07:30:56,701 [ 1] INFO  Unity: DoDamage : Grim Reaper DMG : 1 CRIT : False
2022-06-20 07:30:56,701 [ 1] INFO  Unity:    Buff : 24 : 3 [Remove]
2022-06-20 07:30:56,812 [ 1] INFO  Unity: OnBuff : count : 2
2022-06-20 07:30:56,812 [ 1] INFO  Unity:    Buff : 25 : 3 [Hit]
2022-06-20 07:30:56,812 [ 1] INFO  Unity: DoDamage : Grim Reaper DMG : 1 CRIT : False
2022-06-20 07:30:56,813 [ 1] INFO  Unity:    Buff : 25 : 3 [Remove]
2022-06-20 07:30:56,920 [ 1] INFO  Unity: OnBuff : count : 2
2022-06-20 07:30:56,920 [ 1] INFO  Unity:    Buff : 26 : 3 [Hit]
2022-06-20 07:30:56,920 [ 1] INFO  Unity: DoDamage : Grim Reaper DMG : 1 CRIT : False
2022-06-20 07:30:56,920 [ 1] INFO  Unity:    Buff : 26 : 3 [Remove]
2022-06-20 07:30:57,030 [ 1] INFO  Unity: OnBuff : count : 2
2022-06-20 07:30:57,030 [ 1] INFO  Unity:    Buff : 27 : 3 [Hit]
2022-06-20 07:30:57,030 [ 1] INFO  Unity: DoDamage : Grim Reaper DMG : 1 CRIT : False
2022-06-20 07:30:57,030 [ 1] INFO  Unity:    Buff : 27 : 3 [Remove]
2022-06-20 07:30:57,137 [ 1] INFO  Unity: OnBuff : count : 2
2022-06-20 07:30:57,137 [ 1] INFO  Unity:    Buff : 28 : 3 [Hit]
2022-06-20 07:30:57,137 [ 1] INFO  Unity: DoDamage : Grim Reaper DMG : 1 CRIT : False
2022-06-20 07:30:57,138 [ 1] INFO  Unity:    Buff : 28 : 3 [Remove]
2022-06-20 07:30:57,248 [ 1] INFO  Unity: OnBuff : count : 2
2022-06-20 07:30:57,249 [ 1] INFO  Unity:    Buff : 29 : 3 [Hit]
2022-06-20 07:30:57,249 [ 1] INFO  Unity: DoDamage : Grim Reaper DMG : 1 CRIT : False
2022-06-20 07:30:57,249 [ 1] INFO  Unity:    Buff : 29 : 3 [Remove]
2022-06-20 07:30:57,358 [ 1] INFO  Unity: OnBuff : count : 2
2022-06-20 07:30:57,358 [ 1] INFO  Unity:    Buff : 30 : 3 [Hit]
2022-06-20 07:30:57,358 [ 1] INFO  Unity: DoDamage : Grim Reaper DMG : 1 CRIT : False
2022-06-20 07:30:57,358 [ 1] INFO  Unity:    Buff : 30 : 3 [Remove]
2022-06-20 07:30:57,465 [ 1] INFO  Unity: OnBuff : count : 2
2022-06-20 07:30:57,465 [ 1] INFO  Unity:    Buff : 31 : 3 [Hit]
2022-06-20 07:30:57,465 [ 1] INFO  Unity: DoDamage : Grim Reaper DMG : 1 CRIT : False
2022-06-20 07:30:57,465 [ 1] INFO  Unity:    Buff : 31 : 3 [Remove]
2022-06-20 07:30:58,232 [ 1] INFO  Unity: Move Back
2022-06-20 07:30:58,232 [ 1] INFO  Unity: MapEntityUpdateRequest : ID : 2 Pos : (5537,1691,57) DIR : (-26,-97,-4) SPD : -300
2022-06-20 07:30:58,622 [ 1] WARN  Unity: PlaySound : SoundDefine.SFX_UI_Win_Open not existed.

2022-06-20 07:30:58,717 [ 1] INFO  Unity: Stop
2022-06-20 07:30:58,717 [ 1] INFO  Unity: MapEntityUpdateRequest : ID : 2 Pos : (5566,1836,57) DIR : (-26,-97,-4) SPD : 0
2022-06-20 07:30:59,581 [ 1] INFO  Unity: UserGameLeaveRequest
2022-06-20 07:30:59,591 [ 1] INFO  Unity: OnMapCharacterLeave : CharID : 2
2022-06-20 07:30:59,592 [ 1] INFO  Unity: RemoveCharacter:2
2022-06-20 07:30:59,592 [ 1] INFO  Unity: RemoveCharacter:1
2022-06-20 07:30:59,592 [ 1] INFO  Unity: Character_1_A OnDestroy :ID:2 POS:(5566, 1836, 57) DIR:(-26, -97, -4) SPD:0 
2022-06-20 07:30:59,592 [ 1] INFO  Unity: Character_0_Grim Reaper OnDestroy :ID:1 POS:(5540, 1682, 4) DIR:(20, 98, 0) SPD:0 
2022-06-20 07:30:59,595 [ 1] INFO  Unity: OnGameLeave:Success [None]
2022-06-20 07:30:59,621 [ 1] INFO  Unity: OnDestroy NetworkManager.
2022-06-20 07:30:59,622 [ 1] WARN  Unity: CloseConnection(), errorCode: 1007

